\BOOKMARK [1][-]{section*.4}{List of Figures}{}% 1
\BOOKMARK [1][-]{section*.5}{List of Tables}{}% 2
\BOOKMARK [1][-]{section.1}{Introduction}{}% 3
\BOOKMARK [1][-]{section.2}{Background}{}% 4
\BOOKMARK [2][-]{subsection.2.1}{What is Blockchain?}{section.2}% 5
\BOOKMARK [3][-]{subsubsection.2.1.1}{Consensus algorithms}{subsection.2.1}% 6
\BOOKMARK [3][-]{subsubsection.2.1.2}{Public-key cryptography}{subsection.2.1}% 7
\BOOKMARK [3][-]{subsubsection.2.1.3}{Types of Blockchains}{subsection.2.1}% 8
\BOOKMARK [3][-]{subsubsection.2.1.4}{Hyperledger}{subsection.2.1}% 9
\BOOKMARK [2][-]{subsection.2.2}{Blockchain Reviews}{section.2}% 10
\BOOKMARK [3][-]{subsubsection.2.2.1}{Financial Reviews}{subsection.2.2}% 11
\BOOKMARK [3][-]{subsubsection.2.2.2}{Technical Review}{subsection.2.2}% 12
\BOOKMARK [3][-]{subsubsection.2.2.3}{Application Reviews}{subsection.2.2}% 13
\BOOKMARK [3][-]{subsubsection.2.2.4}{Review Publications}{subsection.2.2}% 14
\BOOKMARK [1][-]{section.3}{Approach}{}% 15
\BOOKMARK [2][-]{subsection.3.1}{Information Selection}{section.3}% 16
\BOOKMARK [3][-]{subsubsection.3.1.1}{Selection Process}{subsection.3.1}% 17
\BOOKMARK [3][-]{subsubsection.3.1.2}{Selected Papers}{subsection.3.1}% 18
\BOOKMARK [2][-]{subsection.3.2}{My schema / Research questions}{section.3}% 19
\BOOKMARK [3][-]{subsubsection.3.2.1}{General Information}{subsection.3.2}% 20
\BOOKMARK [3][-]{subsubsection.3.2.2}{Content-based Information}{subsection.3.2}% 21
\BOOKMARK [1][-]{section.4}{Evaluation}{}% 22
\BOOKMARK [2][-]{subsection.4.1}{General Information}{section.4}% 23
\BOOKMARK [3][-]{subsubsection.4.1.1}{RQ1: Publisher}{subsection.4.1}% 24
\BOOKMARK [3][-]{subsubsection.4.1.2}{RQ2: Publication Type }{subsection.4.1}% 25
\BOOKMARK [3][-]{subsubsection.4.1.3}{RQ3: Publication Channel}{subsection.4.1}% 26
\BOOKMARK [3][-]{subsubsection.4.1.4}{RQ4: Publication Date}{subsection.4.1}% 27
\BOOKMARK [3][-]{subsubsection.4.1.5}{RQ5: Keywords}{subsection.4.1}% 28
\BOOKMARK [2][-]{subsection.4.2}{Content-based Information}{section.4}% 29
\BOOKMARK [3][-]{subsubsection.4.2.1}{RQ6: Authors}{subsection.4.2}% 30
\BOOKMARK [3][-]{subsubsection.4.2.2}{RQ7: Contribution}{subsection.4.2}% 31
\BOOKMARK [3][-]{subsubsection.4.2.3}{RQ8: Reason/Problems}{subsection.4.2}% 32
\BOOKMARK [3][-]{subsubsection.4.2.4}{RQ9: Implementation Process}{subsection.4.2}% 33
\BOOKMARK [3][-]{subsubsection.4.2.5}{RQ10: Conclusion}{subsection.4.2}% 34
\BOOKMARK [1][-]{section.5}{Discussion}{}% 35
\BOOKMARK [1][-]{section.6}{Conclusion}{}% 36
\BOOKMARK [2][-]{subsection.6.1}{Summary}{section.6}% 37
\BOOKMARK [2][-]{subsection.6.2}{Future Work}{section.6}% 38
\BOOKMARK [1][-]{Appendix.a.A}{List of abbreviations}{}% 39
\BOOKMARK [1][-]{Appendix.a.B}{Second Appendix}{}% 40
\BOOKMARK [1][-]{section*.40}{Bibliography}{}% 41
