This is pdfTeX, Version 3.14159265-2.6-1.40.19 (MiKTeX 2.9.6730 64-bit) (preloaded format=pdflatex 2018.7.26)  3 AUG 2018 14:16
entering extended mode
**./masters_thesis.tex
(masters_thesis.tex
LaTeX2e <2018-04-01> patch level 5

("C:\Users\ckrutzenbichler\AppData\Local\Programs\MiKTeX 2.9\tex\latex\base\art
icle.cls"
Document Class: article 2014/09/29 v1.4h Standard LaTeX document class

("C:\Users\ckrutzenbichler\AppData\Local\Programs\MiKTeX 2.9\tex\latex\base\siz
e12.clo"
File: size12.clo 2014/09/29 v1.4h Standard LaTeX file (size option)
)
\c@part=\count80
\c@section=\count81
\c@subsection=\count82
\c@subsubsection=\count83
\c@paragraph=\count84
\c@subparagraph=\count85
\c@figure=\count86
\c@table=\count87
\abovecaptionskip=\skip41
\belowcaptionskip=\skip42
\bibindent=\dimen102
)
("C:\Users\ckrutzenbichler\AppData\Local\Programs\MiKTeX 2.9\tex\latex\import\i
mport.sty"
Package: import 2009/03/23  v 5.1
) (masters_thesis_style.sty
Package: masters_thesis_style 

("C:\Users\ckrutzenbichler\AppData\Local\Programs\MiKTeX 2.9\tex\latex\base\inp
utenc.sty"
Package: inputenc 2018/04/06 v1.3b Input encoding file
\inpenc@prehook=\toks14
\inpenc@posthook=\toks15
)
("C:\Users\ckrutzenbichler\AppData\Local\Programs\MiKTeX 2.9\tex\generic\babel\
babel.sty"
Package: babel 2018/06/05 3.22 The Babel package

("C:\Users\ckrutzenbichler\AppData\Local\Programs\MiKTeX 2.9\tex\generic\babel\
switch.def"
File: switch.def 2018/06/05 3.22 Babel switching mechanism
)
*************************************
* Local config file bblopts.cfg used
*

("C:\Users\ckrutzenbichler\AppData\Local\Programs\MiKTeX 2.9\tex\latex\arabi\bb
lopts.cfg"
File: bblopts.cfg 2005/09/08 v0.1 add Arabic and Farsi to "declared" options of
 babel
)
("C:\Users\ckrutzenbichler\AppData\Local\Programs\MiKTeX 2.9\tex\latex\babel-en
glish\english.ldf"
Language: english 2017/06/06 v3.3r English support from the babel system

("C:\Users\ckrutzenbichler\AppData\Local\Programs\MiKTeX 2.9\tex\generic\babel\
babel.def"
File: babel.def 2018/06/05 3.22 Babel common definitions
\babel@savecnt=\count88
\U@D=\dimen103

("C:\Users\ckrutzenbichler\AppData\Local\Programs\MiKTeX 2.9\tex\generic\babel\
txtbabel.def")
\bbl@dirlevel=\count89
)
\l@canadian = a dialect from \language\l@american 
\l@australian = a dialect from \language\l@british 
\l@newzealand = a dialect from \language\l@british 
))
("C:\Users\ckrutzenbichler\AppData\Local\Programs\MiKTeX 2.9\tex\latex\amsmath\
amsmath.sty"
Package: amsmath 2017/09/02 v2.17a AMS math features
\@mathmargin=\skip43

For additional information on amsmath, use the `?' option.

("C:\Users\ckrutzenbichler\AppData\Local\Programs\MiKTeX 2.9\tex\latex\amsmath\
amstext.sty"
Package: amstext 2000/06/29 v2.01 AMS text

("C:\Users\ckrutzenbichler\AppData\Local\Programs\MiKTeX 2.9\tex\latex\amsmath\
amsgen.sty"
File: amsgen.sty 1999/11/30 v2.0 generic functions
\@emptytoks=\toks16
\ex@=\dimen104
))
("C:\Users\ckrutzenbichler\AppData\Local\Programs\MiKTeX 2.9\tex\latex\amsmath\
amsbsy.sty"
Package: amsbsy 1999/11/29 v1.2d Bold Symbols
\pmbraise@=\dimen105
)
("C:\Users\ckrutzenbichler\AppData\Local\Programs\MiKTeX 2.9\tex\latex\amsmath\
amsopn.sty"
Package: amsopn 2016/03/08 v2.02 operator names
)
\inf@bad=\count90
LaTeX Info: Redefining \frac on input line 213.
\uproot@=\count91
\leftroot@=\count92
LaTeX Info: Redefining \overline on input line 375.
\classnum@=\count93
\DOTSCASE@=\count94
LaTeX Info: Redefining \ldots on input line 472.
LaTeX Info: Redefining \dots on input line 475.
LaTeX Info: Redefining \cdots on input line 596.
\Mathstrutbox@=\box26
\strutbox@=\box27
\big@size=\dimen106
LaTeX Font Info:    Redeclaring font encoding OML on input line 712.
LaTeX Font Info:    Redeclaring font encoding OMS on input line 713.
\macc@depth=\count95
\c@MaxMatrixCols=\count96
\dotsspace@=\muskip10
\c@parentequation=\count97
\dspbrk@lvl=\count98
\tag@help=\toks17
\row@=\count99
\column@=\count100
\maxfields@=\count101
\andhelp@=\toks18
\eqnshift@=\dimen107
\alignsep@=\dimen108
\tagshift@=\dimen109
\tagwidth@=\dimen110
\totwidth@=\dimen111
\lineht@=\dimen112
\@envbody=\toks19
\multlinegap=\skip44
\multlinetaggap=\skip45
\mathdisplay@stack=\toks20
LaTeX Info: Redefining \[ on input line 2817.
LaTeX Info: Redefining \] on input line 2818.
)
("C:\Users\ckrutzenbichler\AppData\Local\Programs\MiKTeX 2.9\tex\latex\amsfonts
\amsfonts.sty"
Package: amsfonts 2013/01/14 v3.01 Basic AMSFonts support
\symAMSa=\mathgroup4
\symAMSb=\mathgroup5
LaTeX Font Info:    Overwriting math alphabet `\mathfrak' in version `bold'
(Font)                  U/euf/m/n --> U/euf/b/n on input line 106.
)
("C:\Users\ckrutzenbichler\AppData\Local\Programs\MiKTeX 2.9\tex\latex\amsfonts
\amssymb.sty"
Package: amssymb 2013/01/14 v3.01 AMS font symbols
)
("C:\Users\ckrutzenbichler\AppData\Local\Programs\MiKTeX 2.9\tex\latex\appendix
\appendix.sty"
Package: appendix 2009/09/02 v1.2b extra appendix facilities
\c@@pps=\count102
\c@@ppsavesec=\count103
\c@@ppsaveapp=\count104
)
("C:\Users\ckrutzenbichler\AppData\Local\Programs\MiKTeX 2.9\tex\latex\graphics
\color.sty"
Package: color 2016/07/10 v1.1e Standard LaTeX Color (DPC)

("C:\Users\ckrutzenbichler\AppData\Local\Programs\MiKTeX 2.9\tex\latex\graphics
-cfg\color.cfg"
File: color.cfg 2016/01/02 v1.6 sample color configuration
)
Package color Info: Driver file: pdftex.def on input line 147.

("C:\Users\ckrutzenbichler\AppData\Local\Programs\MiKTeX 2.9\tex\latex\graphics
-def\pdftex.def"
File: pdftex.def 2018/01/08 v1.0l Graphics/color driver for pdftex
))
("C:\Users\ckrutzenbichler\AppData\Local\Programs\MiKTeX 2.9\tex\latex\csquotes
\csquotes.sty"
Package: csquotes 2018/04/13 v5.2d context-sensitive quotations (JAW)

("C:\Users\ckrutzenbichler\AppData\Local\Programs\MiKTeX 2.9\tex\latex\etoolbox
\etoolbox.sty"
Package: etoolbox 2018/02/11 v2.5e e-TeX tools for LaTeX (JAW)
\etb@tempcnta=\count105
)
("C:\Users\ckrutzenbichler\AppData\Local\Programs\MiKTeX 2.9\tex\latex\graphics
\keyval.sty"
Package: keyval 2014/10/28 v1.15 key=value parser (DPC)
\KV@toks@=\toks21
)
\csq@reset=\count106
\csq@gtype=\count107
\csq@glevel=\count108
\csq@qlevel=\count109
\csq@maxlvl=\count110
\csq@tshold=\count111
\csq@ltx@everypar=\toks22

("C:\Users\ckrutzenbichler\AppData\Local\Programs\MiKTeX 2.9\tex\latex\csquotes
\csquotes.def"
File: csquotes.def 2018/04/13 v5.2d csquotes generic definitions (JAW)
)
Package csquotes Info: Trying to load configuration file 'csquotes.cfg'...
Package csquotes Info: ... configuration file loaded successfully.

("C:\Users\ckrutzenbichler\AppData\Local\Programs\MiKTeX 2.9\tex\latex\csquotes
\csquotes.cfg"
File: csquotes.cfg 
))
("C:\Users\ckrutzenbichler\AppData\Local\Programs\MiKTeX 2.9\tex\latex\datetime
\datetime.sty"
Package: datetime 2015/03/20 v2.60 Date Time Package

("C:\Users\ckrutzenbichler\AppData\Local\Programs\MiKTeX 2.9\tex\latex\fmtcount
\fmtcount.sty"
Package: fmtcount 2017/12/24 v3.05

("C:\Users\ckrutzenbichler\AppData\Local\Programs\MiKTeX 2.9\tex\latex\base\ift
hen.sty"
Package: ifthen 2014/09/29 v1.1c Standard LaTeX ifthen package (DPC)
)
("C:\Users\ckrutzenbichler\AppData\Local\Programs\MiKTeX 2.9\tex\latex\xkeyval\
xkeyval.sty"
Package: xkeyval 2014/12/03 v2.7a package option processing (HA)

("C:\Users\ckrutzenbichler\AppData\Local\Programs\MiKTeX 2.9\tex\generic\xkeyva
l\xkeyval.tex"
("C:\Users\ckrutzenbichler\AppData\Local\Programs\MiKTeX 2.9\tex\generic\xkeyva
l\xkvutils.tex"
\XKV@toks=\toks23
\XKV@tempa@toks=\toks24
)
\XKV@depth=\count112
File: xkeyval.tex 2014/12/03 v2.7a key=value parser (HA)
))
("C:\Users\ckrutzenbichler\AppData\Local\Programs\MiKTeX 2.9\tex\latex\fmtcount
\fcprefix.sty"
Package: fcprefix 2012/09/28

("C:\Users\ckrutzenbichler\AppData\Local\Programs\MiKTeX 2.9\tex\latex\fmtcount
\fcnumparser.sty"
Package: fcnumparser 2017/06/15
\fc@digit@counter=\count113
))
\c@padzeroesN=\count114
\fc@tmpcatcode=\count115

("C:\Users\ckrutzenbichler\AppData\Local\Programs\MiKTeX 2.9\tex\latex\fmtcount
\fc-english.def"
File: fc-english.def 2016/01/12
)
\@DT@modctr=\count116
\@ordinalctr=\count117
\@orgargctr=\count118
\@strctr=\count119
\@tmpstrctr=\count120
\@DT@loopN=\count121
\@DT@X=\count122
)
("C:\Users\ckrutzenbichler\AppData\Local\Programs\MiKTeX 2.9\tex\latex\datetime
\datetime-defaults.sty"
Package: datetime-defaults 2013/09/10
)
\@day=\count123
\@month=\count124
\@year=\count125
\c@HOUR=\count126
\c@HOURXII=\count127
\c@MINUTE=\count128
\c@TOHOUR=\count129
\c@TOMINUTE=\count130
\c@SECOND=\count131
\currenthour=\count132
\currentminute=\count133
\currentsecond=\count134
Package datetime Info: No datetime.cfg file found, using default settings on in
put line 308.
\@dtctr=\count135
\dayofyear=\count136
\dayofweek=\count137
LaTeX Info: Redefining \today on input line 736.
\dt@a=\toks25
\dt@b=\toks26
)
("C:\Users\ckrutzenbichler\AppData\Local\Programs\MiKTeX 2.9\tex\latex\filecont
ents\filecontents.sty"
Package: filecontents 2018/05/30 v1.4 Create an external file from within a LaT
eX document
)
("C:\Users\ckrutzenbichler\AppData\Local\Programs\MiKTeX 2.9\tex\latex\enumitem
\enumitem.sty"
Package: enumitem 2011/09/28 v3.5.2 Customized lists
\labelindent=\skip46
\enit@outerparindent=\dimen113
\enit@toks=\toks27
\enit@inbox=\box28
\enitdp@description=\count138
)
("C:\Users\ckrutzenbichler\AppData\Local\Programs\MiKTeX 2.9\tex\latex\graphics
\graphicx.sty"
Package: graphicx 2017/06/01 v1.1a Enhanced LaTeX Graphics (DPC,SPQR)

("C:\Users\ckrutzenbichler\AppData\Local\Programs\MiKTeX 2.9\tex\latex\graphics
\graphics.sty"
Package: graphics 2017/06/25 v1.2c Standard LaTeX Graphics (DPC,SPQR)

("C:\Users\ckrutzenbichler\AppData\Local\Programs\MiKTeX 2.9\tex\latex\graphics
\trig.sty"
Package: trig 2016/01/03 v1.10 sin cos tan (DPC)
)
("C:\Users\ckrutzenbichler\AppData\Local\Programs\MiKTeX 2.9\tex\latex\graphics
-cfg\graphics.cfg"
File: graphics.cfg 2016/06/04 v1.11 sample graphics configuration
)
Package graphics Info: Driver file: pdftex.def on input line 99.
)
\Gin@req@height=\dimen114
\Gin@req@width=\dimen115
)
("C:\Users\ckrutzenbichler\AppData\Local\Programs\MiKTeX 2.9\tex\latex\hyperref
\hyperref.sty"
Package: hyperref 2018/02/06 v6.86b Hypertext links for LaTeX

("C:\Users\ckrutzenbichler\AppData\Local\Programs\MiKTeX 2.9\tex\generic\oberdi
ek\hobsub-hyperref.sty"
Package: hobsub-hyperref 2016/05/16 v1.14 Bundle oberdiek, subset hyperref (HO)


("C:\Users\ckrutzenbichler\AppData\Local\Programs\MiKTeX 2.9\tex\generic\oberdi
ek\hobsub-generic.sty"
Package: hobsub-generic 2016/05/16 v1.14 Bundle oberdiek, subset generic (HO)
Package: hobsub 2016/05/16 v1.14 Construct package bundles (HO)
Package: infwarerr 2016/05/16 v1.4 Providing info/warning/error messages (HO)
Package: ltxcmds 2016/05/16 v1.23 LaTeX kernel commands for general use (HO)
Package: ifluatex 2016/05/16 v1.4 Provides the ifluatex switch (HO)
Package ifluatex Info: LuaTeX not detected.
Package: ifvtex 2016/05/16 v1.6 Detect VTeX and its facilities (HO)
Package ifvtex Info: VTeX not detected.
Package: intcalc 2016/05/16 v1.2 Expandable calculations with integers (HO)
Package: ifpdf 2017/03/15 v3.2 Provides the ifpdf switch
Package: etexcmds 2016/05/16 v1.6 Avoid name clashes with e-TeX commands (HO)
Package etexcmds Info: Could not find \expanded.
(etexcmds)             That can mean that you are not using pdfTeX 1.50 or
(etexcmds)             that some package has redefined \expanded.
(etexcmds)             In the latter case, load this package earlier.
Package: kvsetkeys 2016/05/16 v1.17 Key value parser (HO)
Package: kvdefinekeys 2016/05/16 v1.4 Define keys (HO)
Package: pdftexcmds 2018/01/30 v0.27 Utility functions of pdfTeX for LuaTeX (HO
)
Package pdftexcmds Info: LuaTeX not detected.
Package pdftexcmds Info: \pdf@primitive is available.
Package pdftexcmds Info: \pdf@ifprimitive is available.
Package pdftexcmds Info: \pdfdraftmode found.
Package: pdfescape 2016/05/16 v1.14 Implements pdfTeX's escape features (HO)
Package: bigintcalc 2016/05/16 v1.4 Expandable calculations on big integers (HO
)
Package: bitset 2016/05/16 v1.2 Handle bit-vector datatype (HO)
Package: uniquecounter 2016/05/16 v1.3 Provide unlimited unique counter (HO)
)
Package hobsub Info: Skipping package `hobsub' (already loaded).
Package: letltxmacro 2016/05/16 v1.5 Let assignment for LaTeX macros (HO)
Package: hopatch 2016/05/16 v1.3 Wrapper for package hooks (HO)
Package: xcolor-patch 2016/05/16 xcolor patch
Package: atveryend 2016/05/16 v1.9 Hooks at the very end of document (HO)
Package: atbegshi 2016/06/09 v1.18 At begin shipout hook (HO)
Package: refcount 2016/05/16 v3.5 Data extraction from label references (HO)
Package: hycolor 2016/05/16 v1.8 Color options for hyperref/bookmark (HO)
)
("C:\Users\ckrutzenbichler\AppData\Local\Programs\MiKTeX 2.9\tex\generic\ifxete
x\ifxetex.sty"
Package: ifxetex 2010/09/12 v0.6 Provides ifxetex conditional
)
("C:\Users\ckrutzenbichler\AppData\Local\Programs\MiKTeX 2.9\tex\latex\oberdiek
\auxhook.sty"
Package: auxhook 2016/05/16 v1.4 Hooks for auxiliary files (HO)
)
("C:\Users\ckrutzenbichler\AppData\Local\Programs\MiKTeX 2.9\tex\latex\oberdiek
\kvoptions.sty"
Package: kvoptions 2016/05/16 v3.12 Key value format for package options (HO)
)
\@linkdim=\dimen116
\Hy@linkcounter=\count139
\Hy@pagecounter=\count140

("C:\Users\ckrutzenbichler\AppData\Local\Programs\MiKTeX 2.9\tex\latex\hyperref
\pd1enc.def"
File: pd1enc.def 2018/02/06 v6.86b Hyperref: PDFDocEncoding definition (HO)
Now handling font encoding PD1 ...
... no UTF-8 mapping file for font encoding PD1
)
\Hy@SavedSpaceFactor=\count141

("C:\Users\ckrutzenbichler\AppData\Local\Programs\MiKTeX 2.9\tex\latex\00miktex
\hyperref.cfg"
File: hyperref.cfg 2002/06/06 v1.2 hyperref configuration of TeXLive
)
Package hyperref Info: Hyper figures OFF on input line 4509.
Package hyperref Info: Link nesting OFF on input line 4514.
Package hyperref Info: Hyper index ON on input line 4517.
Package hyperref Info: Plain pages OFF on input line 4524.
Package hyperref Info: Backreferencing OFF on input line 4529.
Package hyperref Info: Implicit mode ON; LaTeX internals redefined.
Package hyperref Info: Bookmarks ON on input line 4762.
\c@Hy@tempcnt=\count142

("C:\Users\ckrutzenbichler\AppData\Local\Programs\MiKTeX 2.9\tex\latex\url\url.
sty"
\Urlmuskip=\muskip11
Package: url 2013/09/16  ver 3.4  Verb mode for urls, etc.
)
LaTeX Info: Redefining \url on input line 5115.
\XeTeXLinkMargin=\dimen117
\Fld@menulength=\count143
\Field@Width=\dimen118
\Fld@charsize=\dimen119
Package hyperref Info: Hyper figures OFF on input line 6369.
Package hyperref Info: Link nesting OFF on input line 6374.
Package hyperref Info: Hyper index ON on input line 6377.
Package hyperref Info: backreferencing OFF on input line 6384.
Package hyperref Info: Link coloring OFF on input line 6389.
Package hyperref Info: Link coloring with OCG OFF on input line 6394.
Package hyperref Info: PDF/A mode OFF on input line 6399.
LaTeX Info: Redefining \ref on input line 6439.
LaTeX Info: Redefining \pageref on input line 6443.
\Hy@abspage=\count144
\c@Item=\count145
\c@Hfootnote=\count146
)
Package hyperref Info: Driver (autodetected): hpdftex.

("C:\Users\ckrutzenbichler\AppData\Local\Programs\MiKTeX 2.9\tex\latex\hyperref
\hpdftex.def"
File: hpdftex.def 2018/02/06 v6.86b Hyperref driver for pdfTeX
\Fld@listcount=\count147
\c@bookmark@seq@number=\count148

("C:\Users\ckrutzenbichler\AppData\Local\Programs\MiKTeX 2.9\tex\latex\oberdiek
\rerunfilecheck.sty"
Package: rerunfilecheck 2016/05/16 v1.8 Rerun checks for auxiliary files (HO)
Package uniquecounter Info: New unique counter `rerunfilecheck' on input line 2
82.
)
\Hy@SectionHShift=\skip47
)
("C:\Users\ckrutzenbichler\AppData\Local\Programs\MiKTeX 2.9\tex\latex\lineno\l
ineno.sty"
Package: lineno 2005/11/02 line numbers on paragraphs v4.41
\linenopenalty=\count149
\output=\toks28
\linenoprevgraf=\count150
\linenumbersep=\dimen120
\linenumberwidth=\dimen121
\c@linenumber=\count151
\c@pagewiselinenumber=\count152
\c@LN@truepage=\count153
\c@internallinenumber=\count154
\c@internallinenumbers=\count155
\quotelinenumbersep=\dimen122
\bframerule=\dimen123
\bframesep=\dimen124
\bframebox=\box29


LaTeX Warning: Command \@parboxrestore  has changed.
               Check if current package is valid.

LaTeX Info: Redefining \\ on input line 3056.
)
("C:\Users\ckrutzenbichler\AppData\Local\Programs\MiKTeX 2.9\tex\latex\tools\lo
ngtable.sty"
Package: longtable 2014/10/28 v4.11 Multi-page Table package (DPC)
\LTleft=\skip48
\LTright=\skip49
\LTpre=\skip50
\LTpost=\skip51
\LTchunksize=\count156
\LTcapwidth=\dimen125
\LT@head=\box30
\LT@firsthead=\box31
\LT@foot=\box32
\LT@lastfoot=\box33
\LT@cols=\count157
\LT@rows=\count158
\c@LT@tables=\count159
\c@LT@chunks=\count160
\LT@p@ftn=\toks29
)
("C:\Users\ckrutzenbichler\AppData\Local\Programs\MiKTeX 2.9\tex\latex\graphics
\lscape.sty"
Package: lscape 2000/10/22 v3.01 Landscape Pages (DPC)
)
("C:\Users\ckrutzenbichler\AppData\Local\Programs\MiKTeX 2.9\tex\latex\mathtool
s\mathtools.sty"
Package: mathtools 2018/01/08 v1.21 mathematical typesetting tools

("C:\Users\ckrutzenbichler\AppData\Local\Programs\MiKTeX 2.9\tex\latex\tools\ca
lc.sty"
Package: calc 2017/05/25 v4.3 Infix arithmetic (KKT,FJ)
\calc@Acount=\count161
\calc@Bcount=\count162
\calc@Adimen=\dimen126
\calc@Bdimen=\dimen127
\calc@Askip=\skip52
\calc@Bskip=\skip53
LaTeX Info: Redefining \setlength on input line 80.
LaTeX Info: Redefining \addtolength on input line 81.
\calc@Ccount=\count163
\calc@Cskip=\skip54
)
("C:\Users\ckrutzenbichler\AppData\Local\Programs\MiKTeX 2.9\tex\latex\mathtool
s\mhsetup.sty"
Package: mhsetup 2017/03/31 v1.3 programming setup (MH)
)
LaTeX Info: Thecontrolsequence`\('isalreadyrobust on input line 129.
LaTeX Info: Thecontrolsequence`\)'isalreadyrobust on input line 129.
LaTeX Info: Thecontrolsequence`\['isalreadyrobust on input line 129.
LaTeX Info: Thecontrolsequence`\]'isalreadyrobust on input line 129.
\g_MT_multlinerow_int=\count164
\l_MT_multwidth_dim=\dimen128
\origjot=\skip55
\l_MT_shortvdotswithinadjustabove_dim=\dimen129
\l_MT_shortvdotswithinadjustbelow_dim=\dimen130
\l_MT_above_intertext_sep=\dimen131
\l_MT_below_intertext_sep=\dimen132
\l_MT_above_shortintertext_sep=\dimen133
\l_MT_below_shortintertext_sep=\dimen134
)
("C:\Users\ckrutzenbichler\AppData\Local\Programs\MiKTeX 2.9\tex\latex\multirow
\multirow.sty"
Package: multirow 2016/11/25 v2.2 Span multiple rows of a table
\multirow@colwidth=\skip56
\multirow@cntb=\count165
\multirow@dima=\skip57
\bigstrutjot=\dimen135
)
("C:\Users\ckrutzenbichler\AppData\Local\Programs\MiKTeX 2.9\tex\latex\natbib\n
atbib.sty"
Package: natbib 2010/09/13 8.31b (PWD, AO)
\bibhang=\skip58
\bibsep=\skip59
LaTeX Info: Redefining \cite on input line 694.
\c@NAT@ctr=\count166
)
("C:\Users\ckrutzenbichler\AppData\Local\Programs\MiKTeX 2.9\tex\latex\nomencl\
nomencl.sty"
Package: nomencl 2005/09/22 v4.2 Nomenclature package (LN)
\nomlabelwidth=\dimen136
\nom@tempdim=\dimen137
\nomitemsep=\skip60
)
("C:\Users\ckrutzenbichler\AppData\Local\Programs\MiKTeX 2.9\tex\latex\oberdiek
\pdflscape.sty"
Package: pdflscape 2016/05/14 v0.11 Display of landscape pages in PDF (HO)
Package pdflscape Info: Auto-detected driver: pdftex on input line 81.
)
("C:\Users\ckrutzenbichler\AppData\Local\Programs\MiKTeX 2.9\tex\latex\pdfpages
\pdfpages.sty"
Package: pdfpages 2017/10/31 v0.5l Insert pages of external PDF documents (AM)

("C:\Users\ckrutzenbichler\AppData\Local\Programs\MiKTeX 2.9\tex\latex\eso-pic\
eso-pic.sty"
Package: eso-pic 2018/04/12 v2.0h eso-pic (RN)
)
\AM@pagewidth=\dimen138
\AM@pageheight=\dimen139

("C:\Users\ckrutzenbichler\AppData\Local\Programs\MiKTeX 2.9\tex\latex\pdfpages
\pppdftex.def"
File: pppdftex.def 2017/10/31 v0.5l Pdfpages driver for pdfTeX (AM)
)
\AM@pagebox=\box34
\AM@global@opts=\toks30
\AM@toc@title=\toks31
\c@AM@survey=\count167
\AM@templatesizebox=\box35
)
("C:\Users\ckrutzenbichler\AppData\Local\Programs\MiKTeX 2.9\tex\latex\pgfgantt
\pgfgantt.sty"
Package: pgfgantt 2018/01/10 v5.0 Draw Gantt diagrams with TikZ

("C:\Users\ckrutzenbichler\AppData\Local\Programs\MiKTeX 2.9\tex\latex\pgf\fron
tendlayer\tikz.sty"
("C:\Users\ckrutzenbichler\AppData\Local\Programs\MiKTeX 2.9\tex\latex\pgf\basi
clayer\pgf.sty"
("C:\Users\ckrutzenbichler\AppData\Local\Programs\MiKTeX 2.9\tex\latex\pgf\util
ities\pgfrcs.sty"
("C:\Users\ckrutzenbichler\AppData\Local\Programs\MiKTeX 2.9\tex\generic\pgf\ut
ilities\pgfutil-common.tex"
\pgfutil@everybye=\toks32
\pgfutil@tempdima=\dimen140
\pgfutil@tempdimb=\dimen141

("C:\Users\ckrutzenbichler\AppData\Local\Programs\MiKTeX 2.9\tex\generic\pgf\ut
ilities\pgfutil-common-lists.tex"))
("C:\Users\ckrutzenbichler\AppData\Local\Programs\MiKTeX 2.9\tex\generic\pgf\ut
ilities\pgfutil-latex.def"
\pgfutil@abb=\box36

("C:\Users\ckrutzenbichler\AppData\Local\Programs\MiKTeX 2.9\tex\latex\ms\every
shi.sty"
Package: everyshi 2001/05/15 v3.00 EveryShipout Package (MS)
))
("C:\Users\ckrutzenbichler\AppData\Local\Programs\MiKTeX 2.9\tex\generic\pgf\ut
ilities\pgfrcs.code.tex"
Package: pgfrcs 2015/08/07 v3.0.1a (rcs-revision 1.31)
))
Package: pgf 2015/08/07 v3.0.1a (rcs-revision 1.15)

("C:\Users\ckrutzenbichler\AppData\Local\Programs\MiKTeX 2.9\tex\latex\pgf\basi
clayer\pgfcore.sty"
("C:\Users\ckrutzenbichler\AppData\Local\Programs\MiKTeX 2.9\tex\latex\pgf\syst
emlayer\pgfsys.sty"
("C:\Users\ckrutzenbichler\AppData\Local\Programs\MiKTeX 2.9\tex\generic\pgf\sy
stemlayer\pgfsys.code.tex"
Package: pgfsys 2014/07/09 v3.0.1a (rcs-revision 1.48)

("C:\Users\ckrutzenbichler\AppData\Local\Programs\MiKTeX 2.9\tex\generic\pgf\ut
ilities\pgfkeys.code.tex"
\pgfkeys@pathtoks=\toks33
\pgfkeys@temptoks=\toks34

("C:\Users\ckrutzenbichler\AppData\Local\Programs\MiKTeX 2.9\tex\generic\pgf\ut
ilities\pgfkeysfiltered.code.tex"
\pgfkeys@tmptoks=\toks35
))
\pgf@x=\dimen142
\pgf@y=\dimen143
\pgf@xa=\dimen144
\pgf@ya=\dimen145
\pgf@xb=\dimen146
\pgf@yb=\dimen147
\pgf@xc=\dimen148
\pgf@yc=\dimen149
\w@pgf@writea=\write3
\r@pgf@reada=\read1
\c@pgf@counta=\count168
\c@pgf@countb=\count169
\c@pgf@countc=\count170
\c@pgf@countd=\count171
\t@pgf@toka=\toks36
\t@pgf@tokb=\toks37
\t@pgf@tokc=\toks38

("C:\Users\ckrutzenbichler\AppData\Local\Programs\MiKTeX 2.9\tex\generic\pgf\sy
stemlayer\pgf.cfg"
File: pgf.cfg 2008/05/14  (rcs-revision 1.7)
)
Driver file for pgf: pgfsys-pdftex.def

("C:\Users\ckrutzenbichler\AppData\Local\Programs\MiKTeX 2.9\tex\generic\pgf\sy
stemlayer\pgfsys-pdftex.def"
File: pgfsys-pdftex.def 2014/10/11  (rcs-revision 1.35)

("C:\Users\ckrutzenbichler\AppData\Local\Programs\MiKTeX 2.9\tex\generic\pgf\sy
stemlayer\pgfsys-common-pdf.def"
File: pgfsys-common-pdf.def 2013/10/10  (rcs-revision 1.13)
)))
("C:\Users\ckrutzenbichler\AppData\Local\Programs\MiKTeX 2.9\tex\generic\pgf\sy
stemlayer\pgfsyssoftpath.code.tex"
File: pgfsyssoftpath.code.tex 2013/09/09  (rcs-revision 1.9)
\pgfsyssoftpath@smallbuffer@items=\count172
\pgfsyssoftpath@bigbuffer@items=\count173
)
("C:\Users\ckrutzenbichler\AppData\Local\Programs\MiKTeX 2.9\tex\generic\pgf\sy
stemlayer\pgfsysprotocol.code.tex"
File: pgfsysprotocol.code.tex 2006/10/16  (rcs-revision 1.4)
))
("C:\Users\ckrutzenbichler\AppData\Local\Programs\MiKTeX 2.9\tex\latex\xcolor\x
color.sty"
Package: xcolor 2016/05/11 v2.12 LaTeX color extensions (UK)

("C:\Users\ckrutzenbichler\AppData\Local\Programs\MiKTeX 2.9\tex\latex\graphics
-cfg\color.cfg"
File: color.cfg 2016/01/02 v1.6 sample color configuration
)
Package xcolor Info: Driver file: pdftex.def on input line 225.
LaTeX Info: Redefining \color on input line 709.
Package xcolor Info: Model `cmy' substituted by `cmy0' on input line 1348.
Package xcolor Info: Model `hsb' substituted by `rgb' on input line 1352.
Package xcolor Info: Model `RGB' extended on input line 1364.
Package xcolor Info: Model `HTML' substituted by `rgb' on input line 1366.
Package xcolor Info: Model `Hsb' substituted by `hsb' on input line 1367.
Package xcolor Info: Model `tHsb' substituted by `hsb' on input line 1368.
Package xcolor Info: Model `HSB' substituted by `hsb' on input line 1369.
Package xcolor Info: Model `Gray' substituted by `gray' on input line 1370.
Package xcolor Info: Model `wave' substituted by `hsb' on input line 1371.
)
("C:\Users\ckrutzenbichler\AppData\Local\Programs\MiKTeX 2.9\tex\generic\pgf\ba
siclayer\pgfcore.code.tex"
Package: pgfcore 2010/04/11 v3.0.1a (rcs-revision 1.7)

("C:\Users\ckrutzenbichler\AppData\Local\Programs\MiKTeX 2.9\tex\generic\pgf\ma
th\pgfmath.code.tex"
("C:\Users\ckrutzenbichler\AppData\Local\Programs\MiKTeX 2.9\tex\generic\pgf\ma
th\pgfmathcalc.code.tex"
("C:\Users\ckrutzenbichler\AppData\Local\Programs\MiKTeX 2.9\tex\generic\pgf\ma
th\pgfmathutil.code.tex")
("C:\Users\ckrutzenbichler\AppData\Local\Programs\MiKTeX 2.9\tex\generic\pgf\ma
th\pgfmathparser.code.tex"
\pgfmath@dimen=\dimen150
\pgfmath@count=\count174
\pgfmath@box=\box37
\pgfmath@toks=\toks39
\pgfmath@stack@operand=\toks40
\pgfmath@stack@operation=\toks41
)
("C:\Users\ckrutzenbichler\AppData\Local\Programs\MiKTeX 2.9\tex\generic\pgf\ma
th\pgfmathfunctions.code.tex"
("C:\Users\ckrutzenbichler\AppData\Local\Programs\MiKTeX 2.9\tex\generic\pgf\ma
th\pgfmathfunctions.basic.code.tex")
("C:\Users\ckrutzenbichler\AppData\Local\Programs\MiKTeX 2.9\tex\generic\pgf\ma
th\pgfmathfunctions.trigonometric.code.tex")
("C:\Users\ckrutzenbichler\AppData\Local\Programs\MiKTeX 2.9\tex\generic\pgf\ma
th\pgfmathfunctions.random.code.tex")
("C:\Users\ckrutzenbichler\AppData\Local\Programs\MiKTeX 2.9\tex\generic\pgf\ma
th\pgfmathfunctions.comparison.code.tex")
("C:\Users\ckrutzenbichler\AppData\Local\Programs\MiKTeX 2.9\tex\generic\pgf\ma
th\pgfmathfunctions.base.code.tex")
("C:\Users\ckrutzenbichler\AppData\Local\Programs\MiKTeX 2.9\tex\generic\pgf\ma
th\pgfmathfunctions.round.code.tex")
("C:\Users\ckrutzenbichler\AppData\Local\Programs\MiKTeX 2.9\tex\generic\pgf\ma
th\pgfmathfunctions.misc.code.tex")
("C:\Users\ckrutzenbichler\AppData\Local\Programs\MiKTeX 2.9\tex\generic\pgf\ma
th\pgfmathfunctions.integerarithmetics.code.tex")))
("C:\Users\ckrutzenbichler\AppData\Local\Programs\MiKTeX 2.9\tex\generic\pgf\ma
th\pgfmathfloat.code.tex"
\c@pgfmathroundto@lastzeros=\count175
))
("C:\Users\ckrutzenbichler\AppData\Local\Programs\MiKTeX 2.9\tex\generic\pgf\ba
siclayer\pgfcorepoints.code.tex"
File: pgfcorepoints.code.tex 2013/10/07  (rcs-revision 1.27)
\pgf@picminx=\dimen151
\pgf@picmaxx=\dimen152
\pgf@picminy=\dimen153
\pgf@picmaxy=\dimen154
\pgf@pathminx=\dimen155
\pgf@pathmaxx=\dimen156
\pgf@pathminy=\dimen157
\pgf@pathmaxy=\dimen158
\pgf@xx=\dimen159
\pgf@xy=\dimen160
\pgf@yx=\dimen161
\pgf@yy=\dimen162
\pgf@zx=\dimen163
\pgf@zy=\dimen164
)
("C:\Users\ckrutzenbichler\AppData\Local\Programs\MiKTeX 2.9\tex\generic\pgf\ba
siclayer\pgfcorepathconstruct.code.tex"
File: pgfcorepathconstruct.code.tex 2013/10/07  (rcs-revision 1.29)
\pgf@path@lastx=\dimen165
\pgf@path@lasty=\dimen166
)
("C:\Users\ckrutzenbichler\AppData\Local\Programs\MiKTeX 2.9\tex\generic\pgf\ba
siclayer\pgfcorepathusage.code.tex"
File: pgfcorepathusage.code.tex 2014/11/02  (rcs-revision 1.24)
\pgf@shorten@end@additional=\dimen167
\pgf@shorten@start@additional=\dimen168
)
("C:\Users\ckrutzenbichler\AppData\Local\Programs\MiKTeX 2.9\tex\generic\pgf\ba
siclayer\pgfcorescopes.code.tex"
File: pgfcorescopes.code.tex 2015/05/08  (rcs-revision 1.46)
\pgfpic=\box38
\pgf@hbox=\box39
\pgf@layerbox@main=\box40
\pgf@picture@serial@count=\count176
)
("C:\Users\ckrutzenbichler\AppData\Local\Programs\MiKTeX 2.9\tex\generic\pgf\ba
siclayer\pgfcoregraphicstate.code.tex"
File: pgfcoregraphicstate.code.tex 2014/11/02  (rcs-revision 1.12)
\pgflinewidth=\dimen169
)
("C:\Users\ckrutzenbichler\AppData\Local\Programs\MiKTeX 2.9\tex\generic\pgf\ba
siclayer\pgfcoretransformations.code.tex"
File: pgfcoretransformations.code.tex 2015/08/07  (rcs-revision 1.20)
\pgf@pt@x=\dimen170
\pgf@pt@y=\dimen171
\pgf@pt@temp=\dimen172
)
("C:\Users\ckrutzenbichler\AppData\Local\Programs\MiKTeX 2.9\tex\generic\pgf\ba
siclayer\pgfcorequick.code.tex"
File: pgfcorequick.code.tex 2008/10/09  (rcs-revision 1.3)
)
("C:\Users\ckrutzenbichler\AppData\Local\Programs\MiKTeX 2.9\tex\generic\pgf\ba
siclayer\pgfcoreobjects.code.tex"
File: pgfcoreobjects.code.tex 2006/10/11  (rcs-revision 1.2)
)
("C:\Users\ckrutzenbichler\AppData\Local\Programs\MiKTeX 2.9\tex\generic\pgf\ba
siclayer\pgfcorepathprocessing.code.tex"
File: pgfcorepathprocessing.code.tex 2013/09/09  (rcs-revision 1.9)
)
("C:\Users\ckrutzenbichler\AppData\Local\Programs\MiKTeX 2.9\tex\generic\pgf\ba
siclayer\pgfcorearrows.code.tex"
File: pgfcorearrows.code.tex 2015/05/14  (rcs-revision 1.43)
\pgfarrowsep=\dimen173
)
("C:\Users\ckrutzenbichler\AppData\Local\Programs\MiKTeX 2.9\tex\generic\pgf\ba
siclayer\pgfcoreshade.code.tex"
File: pgfcoreshade.code.tex 2013/07/15  (rcs-revision 1.15)
\pgf@max=\dimen174
\pgf@sys@shading@range@num=\count177
)
("C:\Users\ckrutzenbichler\AppData\Local\Programs\MiKTeX 2.9\tex\generic\pgf\ba
siclayer\pgfcoreimage.code.tex"
File: pgfcoreimage.code.tex 2013/07/15  (rcs-revision 1.18)

("C:\Users\ckrutzenbichler\AppData\Local\Programs\MiKTeX 2.9\tex\generic\pgf\ba
siclayer\pgfcoreexternal.code.tex"
File: pgfcoreexternal.code.tex 2014/07/09  (rcs-revision 1.21)
\pgfexternal@startupbox=\box41
))
("C:\Users\ckrutzenbichler\AppData\Local\Programs\MiKTeX 2.9\tex\generic\pgf\ba
siclayer\pgfcorelayers.code.tex"
File: pgfcorelayers.code.tex 2013/07/18  (rcs-revision 1.7)
)
("C:\Users\ckrutzenbichler\AppData\Local\Programs\MiKTeX 2.9\tex\generic\pgf\ba
siclayer\pgfcoretransparency.code.tex"
File: pgfcoretransparency.code.tex 2013/09/30  (rcs-revision 1.5)
)
("C:\Users\ckrutzenbichler\AppData\Local\Programs\MiKTeX 2.9\tex\generic\pgf\ba
siclayer\pgfcorepatterns.code.tex"
File: pgfcorepatterns.code.tex 2013/11/07  (rcs-revision 1.5)
)))
("C:\Users\ckrutzenbichler\AppData\Local\Programs\MiKTeX 2.9\tex\generic\pgf\mo
dules\pgfmoduleshapes.code.tex"
File: pgfmoduleshapes.code.tex 2014/03/21  (rcs-revision 1.35)
\pgfnodeparttextbox=\box42
)
("C:\Users\ckrutzenbichler\AppData\Local\Programs\MiKTeX 2.9\tex\generic\pgf\mo
dules\pgfmoduleplot.code.tex"
File: pgfmoduleplot.code.tex 2015/08/03  (rcs-revision 1.13)
)
("C:\Users\ckrutzenbichler\AppData\Local\Programs\MiKTeX 2.9\tex\latex\pgf\comp
atibility\pgfcomp-version-0-65.sty"
Package: pgfcomp-version-0-65 2007/07/03 v3.0.1a (rcs-revision 1.7)
\pgf@nodesepstart=\dimen175
\pgf@nodesepend=\dimen176
)
("C:\Users\ckrutzenbichler\AppData\Local\Programs\MiKTeX 2.9\tex\latex\pgf\comp
atibility\pgfcomp-version-1-18.sty"
Package: pgfcomp-version-1-18 2007/07/23 v3.0.1a (rcs-revision 1.1)
))
("C:\Users\ckrutzenbichler\AppData\Local\Programs\MiKTeX 2.9\tex\latex\pgf\util
ities\pgffor.sty"
("C:\Users\ckrutzenbichler\AppData\Local\Programs\MiKTeX 2.9\tex\latex\pgf\util
ities\pgfkeys.sty"
("C:\Users\ckrutzenbichler\AppData\Local\Programs\MiKTeX 2.9\tex\generic\pgf\ut
ilities\pgfkeys.code.tex"))
("C:\Users\ckrutzenbichler\AppData\Local\Programs\MiKTeX 2.9\tex\latex\pgf\math
\pgfmath.sty"
("C:\Users\ckrutzenbichler\AppData\Local\Programs\MiKTeX 2.9\tex\generic\pgf\ma
th\pgfmath.code.tex"))
("C:\Users\ckrutzenbichler\AppData\Local\Programs\MiKTeX 2.9\tex\generic\pgf\ut
ilities\pgffor.code.tex"
Package: pgffor 2013/12/13 v3.0.1a (rcs-revision 1.25)

("C:\Users\ckrutzenbichler\AppData\Local\Programs\MiKTeX 2.9\tex\generic\pgf\ma
th\pgfmath.code.tex")
\pgffor@iter=\dimen177
\pgffor@skip=\dimen178
\pgffor@stack=\toks42
\pgffor@toks=\toks43
))
("C:\Users\ckrutzenbichler\AppData\Local\Programs\MiKTeX 2.9\tex\generic\pgf\fr
ontendlayer\tikz\tikz.code.tex"
Package: tikz 2015/08/07 v3.0.1a (rcs-revision 1.151)

("C:\Users\ckrutzenbichler\AppData\Local\Programs\MiKTeX 2.9\tex\generic\pgf\li
braries\pgflibraryplothandlers.code.tex"
File: pgflibraryplothandlers.code.tex 2013/08/31 v3.0.1a (rcs-revision 1.20)
\pgf@plot@mark@count=\count178
\pgfplotmarksize=\dimen179
)
\tikz@lastx=\dimen180
\tikz@lasty=\dimen181
\tikz@lastxsaved=\dimen182
\tikz@lastysaved=\dimen183
\tikzleveldistance=\dimen184
\tikzsiblingdistance=\dimen185
\tikz@figbox=\box43
\tikz@figbox@bg=\box44
\tikz@tempbox=\box45
\tikz@tempbox@bg=\box46
\tikztreelevel=\count179
\tikznumberofchildren=\count180
\tikznumberofcurrentchild=\count181
\tikz@fig@count=\count182

("C:\Users\ckrutzenbichler\AppData\Local\Programs\MiKTeX 2.9\tex\generic\pgf\mo
dules\pgfmodulematrix.code.tex"
File: pgfmodulematrix.code.tex 2013/09/17  (rcs-revision 1.8)
\pgfmatrixcurrentrow=\count183
\pgfmatrixcurrentcolumn=\count184
\pgf@matrix@numberofcolumns=\count185
)
\tikz@expandcount=\count186

("C:\Users\ckrutzenbichler\AppData\Local\Programs\MiKTeX 2.9\tex\generic\pgf\fr
ontendlayer\tikz\libraries\tikzlibrarytopaths.code.tex"
File: tikzlibrarytopaths.code.tex 2008/06/17 v3.0.1a (rcs-revision 1.2)
)))
("C:\Users\ckrutzenbichler\AppData\Local\Programs\MiKTeX 2.9\tex\generic\pgf\fr
ontendlayer\tikz\libraries\tikzlibraryarrows.code.tex"
File: tikzlibraryarrows.code.tex 2008/01/09 v3.0.1a (rcs-revision 1.1)

("C:\Users\ckrutzenbichler\AppData\Local\Programs\MiKTeX 2.9\tex\generic\pgf\li
braries\pgflibraryarrows.code.tex"
File: pgflibraryarrows.code.tex 2013/09/23 v3.0.1a (rcs-revision 1.16)
\arrowsize=\dimen186
))
("C:\Users\ckrutzenbichler\AppData\Local\Programs\MiKTeX 2.9\tex\generic\pgf\fr
ontendlayer\tikz\libraries\tikzlibrarybackgrounds.code.tex"
File: tikzlibrarybackgrounds.code.tex 2013/07/18 v3.0.1a (rcs-revision 1.3)
\pgf@layerbox@background=\box47
\pgf@layerboxsaved@background=\box48
)
("C:\Users\ckrutzenbichler\AppData\Local\Programs\MiKTeX 2.9\tex\generic\pgf\fr
ontendlayer\tikz\libraries\tikzlibrarycalc.code.tex"
File: tikzlibrarycalc.code.tex 2013/07/15 v3.0.1a (rcs-revision 1.9)
)
("C:\Users\ckrutzenbichler\AppData\Local\Programs\MiKTeX 2.9\tex\generic\pgf\fr
ontendlayer\tikz\libraries\tikzlibrarypatterns.code.tex"
File: tikzlibrarypatterns.code.tex 2008/01/15 v3.0.1a (rcs-revision 1.2)

("C:\Users\ckrutzenbichler\AppData\Local\Programs\MiKTeX 2.9\tex\generic\pgf\li
braries\pgflibrarypatterns.code.tex"
File: pgflibrarypatterns.code.tex 2008/03/03 v3.0.1a (rcs-revision 1.13)
))
("C:\Users\ckrutzenbichler\AppData\Local\Programs\MiKTeX 2.9\tex\generic\pgf\fr
ontendlayer\tikz\libraries\tikzlibrarypositioning.code.tex"
File: tikzlibrarypositioning.code.tex 2008/10/06 v3.0.1a (rcs-revision 1.7)
)
("C:\Users\ckrutzenbichler\AppData\Local\Programs\MiKTeX 2.9\tex\generic\pgf\fr
ontendlayer\tikz\libraries\tikzlibraryshapes.geometric.code.tex"
File: tikzlibraryshapes.geometric.code.tex 2008/01/09 v3.0.1a (rcs-revision 1.1
)

("C:\Users\ckrutzenbichler\AppData\Local\Programs\MiKTeX 2.9\tex\generic\pgf\li
braries\shapes\pgflibraryshapes.geometric.code.tex"
File: pgflibraryshapes.geometric.code.tex 2008/06/26 v3.0.1a (rcs-revision 1.1)

))
("C:\Users\ckrutzenbichler\AppData\Local\Programs\MiKTeX 2.9\tex\latex\pgf\util
ities\pgfcalendar.sty"
("C:\Users\ckrutzenbichler\AppData\Local\Programs\MiKTeX 2.9\tex\generic\pgf\ut
ilities\pgfcalendar.code.tex"
File: pgfcalendar.code.tex 2007/07/23 v3.0.1a (rcs-revision 1.11)
\pgfcalendarcurrentjulian=\count187
))
\gtt@currentline=\count188
\gtt@lasttitleline=\count189
\gtt@currgrid=\count190
\gtt@chartwidth=\count191
\gtt@lasttitleslot=\count192
\gtt@elementid=\count193
\gtt@today@slot=\count194
\gtt@startjulian=\count195
\gtt@endjulian=\count196
\gtt@chartid=\count197
\gtt@vrule@slot=\count198
\gtt@calendar@slots=\count199
\gtt@calendar@weeknumber=\count266
\gtt@calendar@startofweek=\count267
\gtt@left@slot=\count268
\gtt@right@slot=\count269
)
("C:\Users\ckrutzenbichler\AppData\Local\Programs\MiKTeX 2.9\tex\latex\pgfplots
\pgfplots.sty"
("C:\Users\ckrutzenbichler\AppData\Local\Programs\MiKTeX 2.9\tex\generic\pgfplo
ts\pgfplots.revision.tex")
Package: pgfplots 2018/03/28 v1.16 Data Visualization (1.16)

("C:\Users\ckrutzenbichler\AppData\Local\Programs\MiKTeX 2.9\tex\generic\pgfplo
ts\pgfplots.code.tex"
("C:\Users\ckrutzenbichler\AppData\Local\Programs\MiKTeX 2.9\tex\generic\pgfplo
ts\pgfplotscore.code.tex"
\t@pgfplots@toka=\toks44
\t@pgfplots@tokb=\toks45
\t@pgfplots@tokc=\toks46
\pgfplots@tmpa=\dimen187
\c@pgfplots@coordindex=\count270
\c@pgfplots@scanlineindex=\count271

("C:\Users\ckrutzenbichler\AppData\Local\Programs\MiKTeX 2.9\tex\generic\pgfplo
ts\sys\pgfplotssysgeneric.code.tex"))
("C:\Users\ckrutzenbichler\AppData\Local\Programs\MiKTeX 2.9\tex\generic\pgfplo
ts\libs\pgfplotslibrary.code.tex")
("C:\Users\ckrutzenbichler\AppData\Local\Programs\MiKTeX 2.9\tex\generic\pgfplo
ts\oldpgfcompatib\pgfplotsoldpgfsupp_loader.code.tex"
("C:\Users\ckrutzenbichler\AppData\Local\Programs\MiKTeX 2.9\tex\generic\pgf\li
braries\pgflibraryfpu.code.tex")
Package pgfplots: loading complementary arithmetics for your pgf version...

("C:\Users\ckrutzenbichler\AppData\Local\Programs\MiKTeX 2.9\tex\generic\pgfplo
ts\oldpgfcompatib\pgfplotsoldpgfsupp_pgflibraryfpu.code.tex")
("C:\Users\ckrutzenbichler\AppData\Local\Programs\MiKTeX 2.9\tex\generic\pgfplo
ts\oldpgfcompatib\pgfplotsoldpgfsupp_pgfmathfloat.code.tex"
\c@pgfmathroundto@lastzeros=\count272
)
("C:\Users\ckrutzenbichler\AppData\Local\Programs\MiKTeX 2.9\tex\generic\pgfplo
ts\oldpgfcompatib\pgfplotsoldpgfsupp_leq.code.tex"))
("C:\Users\ckrutzenbichler\AppData\Local\Programs\MiKTeX 2.9\tex\generic\pgfplo
ts\util\pgfplotsutil.code.tex"
("C:\Users\ckrutzenbichler\AppData\Local\Programs\MiKTeX 2.9\tex\generic\pgfplo
ts\liststructure\pgfplotsliststructure.code.tex")
("C:\Users\ckrutzenbichler\AppData\Local\Programs\MiKTeX 2.9\tex\generic\pgfplo
ts\liststructure\pgfplotsliststructureext.code.tex")
("C:\Users\ckrutzenbichler\AppData\Local\Programs\MiKTeX 2.9\tex\generic\pgfplo
ts\liststructure\pgfplotsarray.code.tex"
\c@pgfplotsarray@tmp=\count273
)
("C:\Users\ckrutzenbichler\AppData\Local\Programs\MiKTeX 2.9\tex\generic\pgfplo
ts\liststructure\pgfplotsmatrix.code.tex")
("C:\Users\ckrutzenbichler\AppData\Local\Programs\MiKTeX 2.9\tex\generic\pgfplo
ts\numtable\pgfplotstableshared.code.tex"
\c@pgfplotstable@counta=\count274
\t@pgfplotstable@a=\toks47
)
("C:\Users\ckrutzenbichler\AppData\Local\Programs\MiKTeX 2.9\tex\generic\pgfplo
ts\liststructure\pgfplotsdeque.code.tex")
("C:\Users\ckrutzenbichler\AppData\Local\Programs\MiKTeX 2.9\tex\generic\pgfplo
ts\util\pgfplotsbinary.code.tex"
("C:\Users\ckrutzenbichler\AppData\Local\Programs\MiKTeX 2.9\tex\generic\pgfplo
ts\util\pgfplotsbinary.data.code.tex"))
("C:\Users\ckrutzenbichler\AppData\Local\Programs\MiKTeX 2.9\tex\generic\pgfplo
ts\util\pgfplotsutil.verb.code.tex")
("C:\Users\ckrutzenbichler\AppData\Local\Programs\MiKTeX 2.9\tex\generic\pgfplo
ts\libs\pgflibrarypgfplots.surfshading.code.tex"
\c@pgfplotslibrarysurf@no=\count275

("C:\Users\ckrutzenbichler\AppData\Local\Programs\MiKTeX 2.9\tex\generic\pgfplo
ts\sys\pgflibrarypgfplots.surfshading.pgfsys-pdftex.def")))
("C:\Users\ckrutzenbichler\AppData\Local\Programs\MiKTeX 2.9\tex\generic\pgfplo
ts\util\pgfplotscolormap.code.tex"
("C:\Users\ckrutzenbichler\AppData\Local\Programs\MiKTeX 2.9\tex\generic\pgfplo
ts\util\pgfplotscolor.code.tex"))
("C:\Users\ckrutzenbichler\AppData\Local\Programs\MiKTeX 2.9\tex\generic\pgfplo
ts\pgfplotsstackedplots.code.tex")
("C:\Users\ckrutzenbichler\AppData\Local\Programs\MiKTeX 2.9\tex\generic\pgfplo
ts\pgfplotsplothandlers.code.tex"
("C:\Users\ckrutzenbichler\AppData\Local\Programs\MiKTeX 2.9\tex\generic\pgfplo
ts\pgfplotsmeshplothandler.code.tex"
("C:\Users\ckrutzenbichler\AppData\Local\Programs\MiKTeX 2.9\tex\generic\pgfplo
ts\pgfplotsmeshplotimage.code.tex")))
("C:\Users\ckrutzenbichler\AppData\Local\Programs\MiKTeX 2.9\tex\generic\pgfplo
ts\pgfplots.scaling.code.tex")
("C:\Users\ckrutzenbichler\AppData\Local\Programs\MiKTeX 2.9\tex\generic\pgfplo
ts\pgfplotscoordprocessing.code.tex")
("C:\Users\ckrutzenbichler\AppData\Local\Programs\MiKTeX 2.9\tex\generic\pgfplo
ts\pgfplots.errorbars.code.tex")
("C:\Users\ckrutzenbichler\AppData\Local\Programs\MiKTeX 2.9\tex\generic\pgfplo
ts\pgfplots.markers.code.tex")
("C:\Users\ckrutzenbichler\AppData\Local\Programs\MiKTeX 2.9\tex\generic\pgfplo
ts\pgfplotsticks.code.tex")
("C:\Users\ckrutzenbichler\AppData\Local\Programs\MiKTeX 2.9\tex\generic\pgfplo
ts\pgfplots.paths.code.tex")
("C:\Users\ckrutzenbichler\AppData\Local\Programs\MiKTeX 2.9\tex\generic\pgf\fr
ontendlayer\tikz\libraries\tikzlibrarydecorations.code.tex"
("C:\Users\ckrutzenbichler\AppData\Local\Programs\MiKTeX 2.9\tex\generic\pgf\mo
dules\pgfmoduledecorations.code.tex"
\pgfdecoratedcompleteddistance=\dimen188
\pgfdecoratedremainingdistance=\dimen189
\pgfdecoratedinputsegmentcompleteddistance=\dimen190
\pgfdecoratedinputsegmentremainingdistance=\dimen191
\pgf@decorate@distancetomove=\dimen192
\pgf@decorate@repeatstate=\count276
\pgfdecorationsegmentamplitude=\dimen193
\pgfdecorationsegmentlength=\dimen194
)
\tikz@lib@dec@box=\box49
)
("C:\Users\ckrutzenbichler\AppData\Local\Programs\MiKTeX 2.9\tex\generic\pgf\fr
ontendlayer\tikz\libraries\tikzlibrarydecorations.pathmorphing.code.tex"
("C:\Users\ckrutzenbichler\AppData\Local\Programs\MiKTeX 2.9\tex\generic\pgf\li
braries\decorations\pgflibrarydecorations.pathmorphing.code.tex"))
("C:\Users\ckrutzenbichler\AppData\Local\Programs\MiKTeX 2.9\tex\generic\pgf\fr
ontendlayer\tikz\libraries\tikzlibrarydecorations.pathreplacing.code.tex"
("C:\Users\ckrutzenbichler\AppData\Local\Programs\MiKTeX 2.9\tex\generic\pgf\li
braries\decorations\pgflibrarydecorations.pathreplacing.code.tex"))
\pgfplots@numplots=\count277
\pgfplots@xmin@reg=\dimen195
\pgfplots@xmax@reg=\dimen196
\pgfplots@ymin@reg=\dimen197
\pgfplots@ymax@reg=\dimen198
\pgfplots@zmin@reg=\dimen199
\pgfplots@zmax@reg=\dimen256
)
("C:\Users\ckrutzenbichler\AppData\Local\Programs\MiKTeX 2.9\tex\generic\pgf\fr
ontendlayer\tikz\libraries\tikzlibraryplotmarks.code.tex"
File: tikzlibraryplotmarks.code.tex 2008/01/09 v3.0.1a (rcs-revision 1.1)

("C:\Users\ckrutzenbichler\AppData\Local\Programs\MiKTeX 2.9\tex\generic\pgf\li
braries\pgflibraryplotmarks.code.tex"
File: pgflibraryplotmarks.code.tex 2015/08/03 v3.0.1a (rcs-revision 1.14)
)))
("C:\Users\ckrutzenbichler\AppData\Local\Programs\MiKTeX 2.9\tex\latex\pgfplots
\pgfplotstable.sty"
("C:\Users\ckrutzenbichler\AppData\Local\Programs\MiKTeX 2.9\tex\generic\pgfplo
ts\pgfplots.revision.tex")
Package: pgfplotstable 2018/03/28 v1.16 Table typesetting and Pretty-printing (
1.16)

("C:\Users\ckrutzenbichler\AppData\Local\Programs\MiKTeX 2.9\tex\generic\pgfplo
ts\numtable\pgfplotstable.code.tex"
("C:\Users\ckrutzenbichler\AppData\Local\Programs\MiKTeX 2.9\tex\generic\pgfplo
ts\numtable\pgfplotstable.coltype.code.tex"))
("C:\Users\ckrutzenbichler\AppData\Local\Programs\MiKTeX 2.9\tex\latex\tools\ar
ray.sty"
Package: array 2018/04/30 v2.4h Tabular extension package (FMi)
\col@sep=\dimen257
\ar@mcellbox=\box50
\extrarowheight=\dimen258
\NC@list=\toks48
\extratabsurround=\skip61
\backup@length=\skip62
\ar@cellbox=\box51
))
("C:\Users\ckrutzenbichler\AppData\Local\Programs\MiKTeX 2.9\tex\latex\pgf-pie\
pgf-pie.sty"
Package: pgf-pie 2011/10/02 v0.2 Some LaTeX macros for pie chart by using PGF/T
ikz package.

("C:\Users\ckrutzenbichler\AppData\Local\Programs\MiKTeX 2.9\tex\latex\carlisle
\scalefnt.sty")
\pgfpie@angleEnd=\skip63
\c@pgfpie@explodeLength=\count278
\c@pgfpie@colorLength=\count279
\c@pgfpie@sliceLength=\count280
)
("C:\Users\ckrutzenbichler\AppData\Local\Programs\MiKTeX 2.9\tex\latex\subfigur
e\subfigure.sty"
Package: subfigure 2002/07/30 v2.1.4 subfigure package
\subfigtopskip=\skip64
\subfigcapskip=\skip65
\subfigcaptopadj=\dimen259
\subfigbottomskip=\skip66
\subfigcapmargin=\dimen260
\subfiglabelskip=\skip67
\c@subfigure=\count281
\c@lofdepth=\count282
\c@subtable=\count283
\c@lotdepth=\count284

****************************************
* Local config file subfigure.cfg used *
****************************************

("C:\Users\ckrutzenbichler\AppData\Local\Programs\MiKTeX 2.9\tex\latex\subfigur
e\subfigure.cfg")
\subfig@top=\skip68
\subfig@bottom=\skip69
)
("C:\Users\ckrutzenbichler\AppData\Local\Programs\MiKTeX 2.9\tex\generic\pgf\fr
ontendlayer\tikz\libraries\tikzlibraryshapes.code.tex"
File: tikzlibraryshapes.code.tex 2008/01/09 v3.0.1a (rcs-revision 1.1)

("C:\Users\ckrutzenbichler\AppData\Local\Programs\MiKTeX 2.9\tex\generic\pgf\fr
ontendlayer\tikz\libraries\tikzlibraryshapes.misc.code.tex"
File: tikzlibraryshapes.misc.code.tex 2008/01/09 v3.0.1a (rcs-revision 1.1)

("C:\Users\ckrutzenbichler\AppData\Local\Programs\MiKTeX 2.9\tex\generic\pgf\li
braries\shapes\pgflibraryshapes.misc.code.tex"
File: pgflibraryshapes.misc.code.tex 2013/07/18 v3.0.1a (rcs-revision 1.5)
))
("C:\Users\ckrutzenbichler\AppData\Local\Programs\MiKTeX 2.9\tex\generic\pgf\fr
ontendlayer\tikz\libraries\tikzlibraryshapes.symbols.code.tex"
File: tikzlibraryshapes.symbols.code.tex 2008/01/09 v3.0.1a (rcs-revision 1.1)

("C:\Users\ckrutzenbichler\AppData\Local\Programs\MiKTeX 2.9\tex\generic\pgf\li
braries\shapes\pgflibraryshapes.symbols.code.tex"
File: pgflibraryshapes.symbols.code.tex 2013/09/11 v3.0.1a (rcs-revision 1.6)
))
("C:\Users\ckrutzenbichler\AppData\Local\Programs\MiKTeX 2.9\tex\generic\pgf\fr
ontendlayer\tikz\libraries\tikzlibraryshapes.arrows.code.tex"
File: tikzlibraryshapes.arrows.code.tex 2008/01/09 v3.0.1a (rcs-revision 1.1)

("C:\Users\ckrutzenbichler\AppData\Local\Programs\MiKTeX 2.9\tex\generic\pgf\li
braries\shapes\pgflibraryshapes.arrows.code.tex"
File: pgflibraryshapes.arrows.code.tex 2008/06/26 v3.0.1a (rcs-revision 1.1)
))
("C:\Users\ckrutzenbichler\AppData\Local\Programs\MiKTeX 2.9\tex\generic\pgf\fr
ontendlayer\tikz\libraries\tikzlibraryshapes.callouts.code.tex"
("C:\Users\ckrutzenbichler\AppData\Local\Programs\MiKTeX 2.9\tex\generic\pgf\li
braries\shapes\pgflibraryshapes.callouts.code.tex"))
("C:\Users\ckrutzenbichler\AppData\Local\Programs\MiKTeX 2.9\tex\generic\pgf\fr
ontendlayer\tikz\libraries\tikzlibraryshapes.multipart.code.tex"
File: tikzlibraryshapes.multipart.code.tex 2008/01/09 v3.0.1a (rcs-revision 1.1
)

("C:\Users\ckrutzenbichler\AppData\Local\Programs\MiKTeX 2.9\tex\generic\pgf\li
braries\shapes\pgflibraryshapes.multipart.code.tex"
File: pgflibraryshapes.multipart.code.tex 2010/01/07 v3.0.1a (rcs-revision 1.2)

\pgfnodepartlowerbox=\box52
\pgfnodeparttwobox=\box53
\pgfnodepartthreebox=\box54
\pgfnodepartfourbox=\box55
\pgfnodeparttwentybox=\box56
\pgfnodepartnineteenbox=\box57
\pgfnodeparteighteenbox=\box58
\pgfnodepartseventeenbox=\box59
\pgfnodepartsixteenbox=\box60
\pgfnodepartfifteenbox=\box61
\pgfnodepartfourteenbox=\box62
\pgfnodepartthirteenbox=\box63
\pgfnodeparttwelvebox=\box64
\pgfnodepartelevenbox=\box65
\pgfnodeparttenbox=\box66
\pgfnodepartninebox=\box67
\pgfnodeparteightbox=\box68
\pgfnodepartsevenbox=\box69
\pgfnodepartsixbox=\box70
\pgfnodepartfivebox=\box71
)))
("C:\Users\ckrutzenbichler\AppData\Local\Programs\MiKTeX 2.9\tex\latex\titlepic
\titlepic.sty"
Package: titlepic 2017/03/14 1.2 Package to display a picture on the title page

)
("C:\Users\ckrutzenbichler\AppData\Local\Programs\MiKTeX 2.9\tex\latex\tocbibin
d\tocbibind.sty"
Package: tocbibind 2010/10/13 v1.5k extra ToC listings
Package tocbibind Info: The document has section divisions on input line 50.


Package tocbibind Note: Using section or other style headings.

)
("C:\Users\ckrutzenbichler\AppData\Local\Programs\MiKTeX 2.9\tex\latex\tools\ve
rbatim.sty"
Package: verbatim 2014/10/28 v1.5q LaTeX2e package for verbatim enhancements
\every@verbatim=\toks49
\verbatim@line=\toks50
\verbatim@in@stream=\read2
)
("C:\Users\ckrutzenbichler\AppData\Local\Programs\MiKTeX 2.9\tex\latex\wrapfig\
wrapfig.sty"
\wrapoverhang=\dimen261
\WF@size=\dimen262
\c@WF@wrappedlines=\count285
\WF@box=\box72
\WF@everypar=\toks51
Package: wrapfig 2003/01/31  v 3.6
)
Package hyperref Info: Option `colorlinks' set `true' on input line 55.

("C:\Users\ckrutzenbichler\AppData\Local\Programs\MiKTeX 2.9\tex\latex\tools\af
terpage.sty"
Package: afterpage 2014/10/28 v1.08 After-Page Package (DPC)
\AP@output=\toks52
\AP@partial=\box73
\AP@footins=\box74
)
\@nomenclaturefile=\write4
\openout4 = `masters_thesis.nlo'.


Writing nomenclature file masters_thesis.nlo
)
Package csquotes Info: Checking for multilingual support...
Package csquotes Info: ... found 'babel' package.
Package csquotes Info: Adjusting default style.
Package csquotes Info: Redefining alias 'default' -> 'english'.
 (masters_thesis.aux

LaTeX Warning: Label `graph:rq3_publication_channel_1' multiply defined.

)
\openout1 = `masters_thesis.aux'.

LaTeX Font Info:    Checking defaults for OML/cmm/m/it on input line 7.
LaTeX Font Info:    ... okay on input line 7.
LaTeX Font Info:    Checking defaults for T1/cmr/m/n on input line 7.
LaTeX Font Info:    ... okay on input line 7.
LaTeX Font Info:    Checking defaults for OT1/cmr/m/n on input line 7.
LaTeX Font Info:    ... okay on input line 7.
LaTeX Font Info:    Checking defaults for OMS/cmsy/m/n on input line 7.
LaTeX Font Info:    ... okay on input line 7.
LaTeX Font Info:    Checking defaults for OMX/cmex/m/n on input line 7.
LaTeX Font Info:    ... okay on input line 7.
LaTeX Font Info:    Checking defaults for U/cmr/m/n on input line 7.
LaTeX Font Info:    ... okay on input line 7.
LaTeX Font Info:    Checking defaults for PD1/pdf/m/n on input line 7.
LaTeX Font Info:    ... okay on input line 7.

("C:\Users\ckrutzenbichler\AppData\Local\Programs\MiKTeX 2.9\tex\context\base\s
upp-pdf.mkii"
[Loading MPS to PDF converter (version 2006.09.02).]
\scratchcounter=\count286
\scratchdimen=\dimen263
\scratchbox=\box75
\nofMPsegments=\count287
\nofMParguments=\count288
\everyMPshowfont=\toks53
\MPscratchCnt=\count289
\MPscratchDim=\dimen264
\MPnumerator=\count290
\makeMPintoPDFobject=\count291
\everyMPtoPDFconversion=\toks54
)
("C:\Users\ckrutzenbichler\AppData\Local\Programs\MiKTeX 2.9\tex\latex\oberdiek
\epstopdf-base.sty"
Package: epstopdf-base 2016/05/15 v2.6 Base part for package epstopdf

("C:\Users\ckrutzenbichler\AppData\Local\Programs\MiKTeX 2.9\tex\latex\oberdiek
\grfext.sty"
Package: grfext 2016/05/16 v1.2 Manage graphics extensions (HO)
)
Package epstopdf-base Info: Redefining graphics rule for `.eps' on input line 4
38.
Package grfext Info: Graphics extension search list:
(grfext)             [.pdf,.png,.jpg,.mps,.jpeg,.jbig2,.jb2,.PDF,.PNG,.JPG,.JPE
G,.JBIG2,.JB2,.eps]
(grfext)             \AppendGraphicsExtensions on input line 456.
)
\AtBeginShipoutBox=\box76
Package hyperref Info: Link coloring ON on input line 7.

("C:\Users\ckrutzenbichler\AppData\Local\Programs\MiKTeX 2.9\tex\latex\hyperref
\nameref.sty"
Package: nameref 2016/05/21 v2.44 Cross-referencing by name of section

("C:\Users\ckrutzenbichler\AppData\Local\Programs\MiKTeX 2.9\tex\generic\oberdi
ek\gettitlestring.sty"
Package: gettitlestring 2016/05/16 v1.5 Cleanup title references (HO)
)
\c@section@level=\count292
)
LaTeX Info: Redefining \ref on input line 7.
LaTeX Info: Redefining \pageref on input line 7.
LaTeX Info: Redefining \nameref on input line 7.
 (masters_thesis.out) (masters_thesis.out)
\@outlinefile=\write5
\openout5 = `masters_thesis.out'.


ABD: EveryShipout initializing macros
Package pgfplots notification 'compat/show suggested version=true': you might b
enefit from \pgfplotsset{compat=1.16} (current compat level: 1.12).

(sections/title.tex
<./images/uni_logo.png, id=170, 1505.625pt x 401.24907pt>
File: ./images/uni_logo.png Graphic file (type png)
<use ./images/uni_logo.png>
Package pdftex.def Info: ./images/uni_logo.png  used on input line 9.
(pdftex.def)             Requested size: 341.43436pt x 90.99347pt.
LaTeX Font Info:    Try loading font information for U+msa on input line 21.

("C:\Users\ckrutzenbichler\AppData\Local\Programs\MiKTeX 2.9\tex\latex\amsfonts
\umsa.fd"
File: umsa.fd 2013/01/14 v3.01 AMS symbols A
)
LaTeX Font Info:    Try loading font information for U+msb on input line 21.

("C:\Users\ckrutzenbichler\AppData\Local\Programs\MiKTeX 2.9\tex\latex\amsfonts
\umsb.fd"
File: umsb.fd 2013/01/14 v3.01 AMS symbols B
)) [1

{C:/Users/ckrutzenbichler/AppData/Local/MiKTeX/2.9/pdftex/config/pdftex.map} <.
/images/uni_logo.png>] (sections/abstract.tex) [2

]
(sections/acknowledgement.tex) [3

] (masters_thesis.toc [4

])
\tf@toc=\write6
\openout6 = `masters_thesis.toc'.

 [5]
(masters_thesis.lof)
\tf@lof=\write7
\openout7 = `masters_thesis.lof'.

 [6

] (masters_thesis.lot)
\tf@lot=\write8
\openout8 = `masters_thesis.lot'.

 [7

]
(sections/sec_introduction.tex) [1] (sections/sec_background.tex
<./images/gartner_hype_cycle.png, id=303, 504.08325pt x 424.58624pt>
File: ./images/gartner_hype_cycle.png Graphic file (type png)
<use ./images/gartner_hype_cycle.png>
Package pdftex.def Info: ./images/gartner_hype_cycle.png  used on input line 15
.
(pdftex.def)             Requested size: 256.0774pt x 215.70036pt.
<./images/blockchain_1.png, id=305, 249.3315pt x 249.3315pt>
File: ./images/blockchain_1.png Graphic file (type png)
<use ./images/blockchain_1.png>
Package pdftex.def Info: ./images/blockchain_1.png  used on input line 22.
(pdftex.def)             Requested size: 85.35696pt x 85.35747pt.
 [2

 <./images/gartner_hype_cycle.png> <./images/blockchain_1.png>]
LaTeX Font Info:    Try loading font information for OMS+cmr on input line 28.

("C:\Users\ckrutzenbichler\AppData\Local\Programs\MiKTeX 2.9\tex\latex\base\oms
cmr.fd"
File: omscmr.fd 2014/09/29 v2.5h Standard LaTeX font definitions
)
LaTeX Font Info:    Font shape `OMS/cmr/m/n' in size <12> not available
(Font)              Font shape `OMS/cmsy/m/n' tried instead on input line 28.
<./images/encryption.png, id=325, 963.6pt x 542.025pt>
File: ./images/encryption.png Graphic file (type png)
<use ./images/encryption.png>
Package pdftex.def Info: ./images/encryption.png  used on input line 51.
(pdftex.def)             Requested size: 341.43436pt x 192.05217pt.
<./images/signature.png, id=327, 548.0475pt x 311.9655pt>
File: ./images/signature.png Graphic file (type png)
<use ./images/signature.png>
Package pdftex.def Info: ./images/signature.png  used on input line 59.
(pdftex.def)             Requested size: 341.43436pt x 194.35913pt.
 [3] [4 <./images/encryption.png> <./images/signature.png>] [5]
(sections/subsec_blockchain_reviews.tex
Overfull \hbox (2.59052pt too wide) in paragraph at lines 19--20
 [][] 
 []


Underfull \hbox (badness 10000) in paragraph at lines 23--24

 []

[6

] [7] [8] [9

] [10] [11] [12


])) (sections/sec_approach.tex [13


]
Overfull \hbox (25.45917pt too wide) in paragraph at lines 45--92
 [] 
 []

[14

] [15


]) [16] (sections/sec_evaluation.tex
Underfull \hbox (badness 10000) in paragraph at lines 28--28
[]|\OT1/cmr/m/n/12 American Ac-count-ing As-so-ci-a-tion
 []

[17

]
Missing character: There is no b in font nullfont!
Missing character: There is no l in font nullfont!
Missing character: There is no u in font nullfont!
Missing character: There is no e in font nullfont!
Missing character: There is no ! in font nullfont!
Missing character: There is no 6 in font nullfont!
Missing character: There is no 0 in font nullfont!
Missing character: There is no c in font nullfont!
Missing character: There is no y in font nullfont!
Missing character: There is no a in font nullfont!
Missing character: There is no n in font nullfont!
Missing character: There is no ! in font nullfont!
Missing character: There is no 6 in font nullfont!
Missing character: There is no 0 in font nullfont!
Missing character: There is no y in font nullfont!
Missing character: There is no e in font nullfont!
Missing character: There is no l in font nullfont!
Missing character: There is no l in font nullfont!
Missing character: There is no o in font nullfont!
Missing character: There is no w in font nullfont!
Missing character: There is no ! in font nullfont!
Missing character: There is no 6 in font nullfont!
Missing character: There is no 0 in font nullfont!
Missing character: There is no o in font nullfont!
Missing character: There is no r in font nullfont!
Missing character: There is no a in font nullfont!
Missing character: There is no n in font nullfont!
Missing character: There is no g in font nullfont!
Missing character: There is no e in font nullfont!
Missing character: There is no ! in font nullfont!
Missing character: There is no 6 in font nullfont!
Missing character: There is no 0 in font nullfont!
Missing character: There is no r in font nullfont!
Missing character: There is no e in font nullfont!
Missing character: There is no d in font nullfont!
Missing character: There is no ! in font nullfont!
Missing character: There is no 6 in font nullfont!
Missing character: There is no 0 in font nullfont!
Missing character: There is no b in font nullfont!
Missing character: There is no l in font nullfont!
Missing character: There is no u in font nullfont!
Missing character: There is no e in font nullfont!
Missing character: There is no ! in font nullfont!
Missing character: There is no 6 in font nullfont!
Missing character: There is no 0 in font nullfont!
Missing character: There is no ! in font nullfont!
Missing character: There is no c in font nullfont!
Missing character: There is no y in font nullfont!
Missing character: There is no a in font nullfont!
Missing character: There is no n in font nullfont!
Missing character: There is no ! in font nullfont!
Missing character: There is no 6 in font nullfont!
Missing character: There is no 0 in font nullfont!
Missing character: There is no c in font nullfont!
Missing character: There is no y in font nullfont!
Missing character: There is no a in font nullfont!
Missing character: There is no n in font nullfont!
Missing character: There is no ! in font nullfont!
Missing character: There is no 6 in font nullfont!
Missing character: There is no 0 in font nullfont!
Missing character: There is no ! in font nullfont!
Missing character: There is no y in font nullfont!
Missing character: There is no e in font nullfont!
Missing character: There is no l in font nullfont!
Missing character: There is no l in font nullfont!
Missing character: There is no o in font nullfont!
Missing character: There is no w in font nullfont!
Missing character: There is no ! in font nullfont!
Missing character: There is no 6 in font nullfont!
Missing character: There is no 0 in font nullfont!
Missing character: There is no r in font nullfont!
Missing character: There is no e in font nullfont!
Missing character: There is no d in font nullfont!
Missing character: There is no ! in font nullfont!
Missing character: There is no 6 in font nullfont!
Missing character: There is no 0 in font nullfont!
Missing character: There is no ! in font nullfont!
Missing character: There is no c in font nullfont!
Missing character: There is no y in font nullfont!
Missing character: There is no a in font nullfont!
Missing character: There is no n in font nullfont!
Missing character: There is no ! in font nullfont!
Missing character: There is no 6 in font nullfont!
Missing character: There is no 0 in font nullfont!
Missing character: There is no b in font nullfont!
Missing character: There is no l in font nullfont!
Missing character: There is no u in font nullfont!
Missing character: There is no e in font nullfont!
Missing character: There is no ! in font nullfont!
Missing character: There is no 6 in font nullfont!
Missing character: There is no 0 in font nullfont!
Missing character: There is no c in font nullfont!
Missing character: There is no y in font nullfont!
Missing character: There is no a in font nullfont!
Missing character: There is no n in font nullfont!
Missing character: There is no ! in font nullfont!
Missing character: There is no 6 in font nullfont!
Missing character: There is no 0 in font nullfont!
Missing character: There is no y in font nullfont!
Missing character: There is no e in font nullfont!
Missing character: There is no l in font nullfont!
Missing character: There is no l in font nullfont!
Missing character: There is no o in font nullfont!
Missing character: There is no w in font nullfont!
Missing character: There is no ! in font nullfont!
Missing character: There is no 6 in font nullfont!
Missing character: There is no 0 in font nullfont!
Missing character: There is no o in font nullfont!
Missing character: There is no r in font nullfont!
Missing character: There is no a in font nullfont!
Missing character: There is no n in font nullfont!
Missing character: There is no g in font nullfont!
Missing character: There is no e in font nullfont!
Missing character: There is no ! in font nullfont!
Missing character: There is no 6 in font nullfont!
Missing character: There is no 0 in font nullfont!
Missing character: There is no r in font nullfont!
Missing character: There is no e in font nullfont!
Missing character: There is no d in font nullfont!
Missing character: There is no ! in font nullfont!
Missing character: There is no 6 in font nullfont!
Missing character: There is no 0 in font nullfont!
Missing character: There is no b in font nullfont!
Missing character: There is no l in font nullfont!
Missing character: There is no u in font nullfont!
Missing character: There is no e in font nullfont!
Missing character: There is no ! in font nullfont!
Missing character: There is no 6 in font nullfont!
Missing character: There is no 0 in font nullfont!
Missing character: There is no ! in font nullfont!
Missing character: There is no c in font nullfont!
Missing character: There is no y in font nullfont!
Missing character: There is no a in font nullfont!
Missing character: There is no n in font nullfont!
Missing character: There is no ! in font nullfont!
Missing character: There is no 6 in font nullfont!
Missing character: There is no 0 in font nullfont!
Missing character: There is no c in font nullfont!
Missing character: There is no y in font nullfont!
Missing character: There is no a in font nullfont!
Missing character: There is no n in font nullfont!
Missing character: There is no ! in font nullfont!
Missing character: There is no 6 in font nullfont!
Missing character: There is no 0 in font nullfont!
Missing character: There is no ! in font nullfont!
Missing character: There is no y in font nullfont!
Missing character: There is no e in font nullfont!
Missing character: There is no l in font nullfont!
Missing character: There is no l in font nullfont!
Missing character: There is no o in font nullfont!
Missing character: There is no w in font nullfont!
Missing character: There is no ! in font nullfont!
Missing character: There is no 6 in font nullfont!
Missing character: There is no 0 in font nullfont!
Missing character: There is no r in font nullfont!
Missing character: There is no e in font nullfont!
Missing character: There is no d in font nullfont!
Missing character: There is no ! in font nullfont!
Missing character: There is no 6 in font nullfont!
Missing character: There is no 0 in font nullfont!
Missing character: There is no ! in font nullfont!
Missing character: There is no c in font nullfont!
Missing character: There is no y in font nullfont!
Missing character: There is no a in font nullfont!
Missing character: There is no n in font nullfont!
Missing character: There is no ! in font nullfont!
Missing character: There is no 6 in font nullfont!
Missing character: There is no 0 in font nullfont!
 [18]
Missing character: There is no b in font nullfont!
Missing character: There is no l in font nullfont!
Missing character: There is no u in font nullfont!
Missing character: There is no e in font nullfont!
Missing character: There is no ! in font nullfont!
Missing character: There is no 6 in font nullfont!
Missing character: There is no 0 in font nullfont!
Missing character: There is no c in font nullfont!
Missing character: There is no y in font nullfont!
Missing character: There is no a in font nullfont!
Missing character: There is no n in font nullfont!
Missing character: There is no ! in font nullfont!
Missing character: There is no 6 in font nullfont!
Missing character: There is no 0 in font nullfont!
Missing character: There is no y in font nullfont!
Missing character: There is no e in font nullfont!
Missing character: There is no l in font nullfont!
Missing character: There is no l in font nullfont!
Missing character: There is no o in font nullfont!
Missing character: There is no w in font nullfont!
Missing character: There is no ! in font nullfont!
Missing character: There is no 6 in font nullfont!
Missing character: There is no 0 in font nullfont!
Missing character: There is no b in font nullfont!
Missing character: There is no l in font nullfont!
Missing character: There is no u in font nullfont!
Missing character: There is no e in font nullfont!
Missing character: There is no ! in font nullfont!
Missing character: There is no 6 in font nullfont!
Missing character: There is no 0 in font nullfont!
Missing character: There is no c in font nullfont!
Missing character: There is no y in font nullfont!
Missing character: There is no a in font nullfont!
Missing character: There is no n in font nullfont!
Missing character: There is no ! in font nullfont!
Missing character: There is no 6 in font nullfont!
Missing character: There is no 0 in font nullfont!
Missing character: There is no y in font nullfont!
Missing character: There is no e in font nullfont!
Missing character: There is no l in font nullfont!
Missing character: There is no l in font nullfont!
Missing character: There is no o in font nullfont!
Missing character: There is no w in font nullfont!
Missing character: There is no ! in font nullfont!
Missing character: There is no 6 in font nullfont!
Missing character: There is no 0 in font nullfont!
 [19

] [20]
Underfull \hbox (badness 10000) in paragraph at lines 120--121

 []


Underfull \hbox (badness 2119) in paragraph at lines 128--128
\OT1/cmr/m/n/12 ence on Com-puter Com-
 []


Underfull \hbox (badness 5446) in paragraph at lines 134--134
\OT1/cmr/m/n/12 for-ma-tion Sys-tems (AM-
 []


Underfull \hbox (badness 1590) in paragraph at lines 136--136
[]|\OT1/cmr/m/n/12 European Sym-po-sium On
 []


Underfull \hbox (badness 10000) in paragraph at lines 140--140
[]|\OT1/cmr/m/n/12 International Com-puter
 []


Underfull \hbox (badness 3861) in paragraph at lines 144--144
[]|\OT1/cmr/m/n/12 Journal of Soft-ware En-
 []


Underfull \hbox (badness 7851) in paragraph at lines 146--146
[]|\OT1/cmr/m/n/12 International Jour-nal on
 []


Underfull \hbox (badness 4886) in paragraph at lines 146--146
\OT1/cmr/m/n/12 Ad-vanced Sci-ence, En-gi-
 []


Underfull \hbox (badness 10000) in paragraph at lines 146--146
\OT1/cmr/m/n/12 neer-ing and In-for-ma-tion
 []


Underfull \hbox (badness 10000) in paragraph at lines 150--150
\OT1/cmr/m/n/12 nolo-gies in Ac-count-ing
 []


Underfull \hbox (badness 10000) in paragraph at lines 152--152
[]|\OT1/cmr/m/n/12 International Con-fer-ence
 []


Underfull \hbox (badness 10000) in paragraph at lines 152--152
\OT1/cmr/m/n/12 for In-ter-net Tech-nol-ogy
 []


Underfull \hbox (badness 1975) in paragraph at lines 152--152
\OT1/cmr/m/n/12 and Se-cured Trans-ac-tions
 []


Underfull \hbox (badness 10000) in paragraph at lines 156--156
[]|\OT1/cmr/m/n/12 International Con-fer-ence
 []


Underfull \hbox (badness 2903) in paragraph at lines 156--156
\OT1/cmr/m/n/12 and Ar-ti-fi-cial In-tel-li-gence
 []


Underfull \hbox (badness 10000) in paragraph at lines 160--160
[]|\OT1/cmr/m/n/12 Symposium on Foun-da-
 []


Underfull \hbox (badness 1052) in paragraph at lines 160--160
\OT1/cmr/m/n/12 tions and Ap-pli-ca-tions of
 []


Underfull \hbox (badness 3612) in paragraph at lines 162--162
\OT1/cmr/m/n/12 Co-op-er-a-tion Ad-vances in
 []


Underfull \hbox (badness 6961) in paragraph at lines 164--164
[]|\OT1/cmr/m/n/12 European Con-fer-ence on
 []


Underfull \hbox (badness 10000) in paragraph at lines 164--164
\OT1/cmr/m/n/12 Tech-nol-ogy En-hanced
 []

[21

] [22] [23] [24]
Missing character: There is no b in font nullfont!
Missing character: There is no l in font nullfont!
Missing character: There is no u in font nullfont!
Missing character: There is no e in font nullfont!
Missing character: There is no ! in font nullfont!
Missing character: There is no 6 in font nullfont!
Missing character: There is no 0 in font nullfont!
Missing character: There is no c in font nullfont!
Missing character: There is no y in font nullfont!
Missing character: There is no a in font nullfont!
Missing character: There is no n in font nullfont!
Missing character: There is no ! in font nullfont!
Missing character: There is no 6 in font nullfont!
Missing character: There is no 0 in font nullfont!
Missing character: There is no y in font nullfont!
Missing character: There is no e in font nullfont!
Missing character: There is no l in font nullfont!
Missing character: There is no l in font nullfont!
Missing character: There is no o in font nullfont!
Missing character: There is no w in font nullfont!
Missing character: There is no ! in font nullfont!
Missing character: There is no 6 in font nullfont!
Missing character: There is no 0 in font nullfont!
Missing character: There is no o in font nullfont!
Missing character: There is no r in font nullfont!
Missing character: There is no a in font nullfont!
Missing character: There is no n in font nullfont!
Missing character: There is no g in font nullfont!
Missing character: There is no e in font nullfont!
Missing character: There is no ! in font nullfont!
Missing character: There is no 6 in font nullfont!
Missing character: There is no 0 in font nullfont!
Missing character: There is no r in font nullfont!
Missing character: There is no e in font nullfont!
Missing character: There is no d in font nullfont!
Missing character: There is no ! in font nullfont!
Missing character: There is no 6 in font nullfont!
Missing character: There is no 0 in font nullfont!
Missing character: There is no b in font nullfont!
Missing character: There is no l in font nullfont!
Missing character: There is no u in font nullfont!
Missing character: There is no e in font nullfont!
Missing character: There is no ! in font nullfont!
Missing character: There is no 6 in font nullfont!
Missing character: There is no 0 in font nullfont!
Missing character: There is no c in font nullfont!
Missing character: There is no y in font nullfont!
Missing character: There is no a in font nullfont!
Missing character: There is no n in font nullfont!
Missing character: There is no ! in font nullfont!
Missing character: There is no 6 in font nullfont!
Missing character: There is no 0 in font nullfont!
Missing character: There is no y in font nullfont!
Missing character: There is no e in font nullfont!
Missing character: There is no l in font nullfont!
Missing character: There is no l in font nullfont!
Missing character: There is no o in font nullfont!
Missing character: There is no w in font nullfont!
Missing character: There is no ! in font nullfont!
Missing character: There is no 6 in font nullfont!
Missing character: There is no 0 in font nullfont!
Missing character: There is no o in font nullfont!
Missing character: There is no r in font nullfont!
Missing character: There is no a in font nullfont!
Missing character: There is no n in font nullfont!
Missing character: There is no g in font nullfont!
Missing character: There is no e in font nullfont!
Missing character: There is no ! in font nullfont!
Missing character: There is no 6 in font nullfont!
Missing character: There is no 0 in font nullfont!
Missing character: There is no r in font nullfont!
Missing character: There is no e in font nullfont!
Missing character: There is no d in font nullfont!
Missing character: There is no ! in font nullfont!
Missing character: There is no 6 in font nullfont!
Missing character: There is no 0 in font nullfont!
 [25] [26]
Missing character: There is no b in font nullfont!
Missing character: There is no l in font nullfont!
Missing character: There is no u in font nullfont!
Missing character: There is no e in font nullfont!
Missing character: There is no ! in font nullfont!
Missing character: There is no 6 in font nullfont!
Missing character: There is no 0 in font nullfont!
Missing character: There is no c in font nullfont!
Missing character: There is no y in font nullfont!
Missing character: There is no a in font nullfont!
Missing character: There is no n in font nullfont!
Missing character: There is no ! in font nullfont!
Missing character: There is no 6 in font nullfont!
Missing character: There is no 0 in font nullfont!
Missing character: There is no y in font nullfont!
Missing character: There is no e in font nullfont!
Missing character: There is no l in font nullfont!
Missing character: There is no l in font nullfont!
Missing character: There is no o in font nullfont!
Missing character: There is no w in font nullfont!
Missing character: There is no ! in font nullfont!
Missing character: There is no 6 in font nullfont!
Missing character: There is no 0 in font nullfont!
Missing character: There is no o in font nullfont!
Missing character: There is no r in font nullfont!
Missing character: There is no a in font nullfont!
Missing character: There is no n in font nullfont!
Missing character: There is no g in font nullfont!
Missing character: There is no e in font nullfont!
Missing character: There is no ! in font nullfont!
Missing character: There is no 6 in font nullfont!
Missing character: There is no 0 in font nullfont!
Missing character: There is no r in font nullfont!
Missing character: There is no e in font nullfont!
Missing character: There is no d in font nullfont!
Missing character: There is no ! in font nullfont!
Missing character: There is no 6 in font nullfont!
Missing character: There is no 0 in font nullfont!
Missing character: There is no b in font nullfont!
Missing character: There is no l in font nullfont!
Missing character: There is no u in font nullfont!
Missing character: There is no e in font nullfont!
Missing character: There is no ! in font nullfont!
Missing character: There is no 6 in font nullfont!
Missing character: There is no 0 in font nullfont!
Missing character: There is no ! in font nullfont!
Missing character: There is no c in font nullfont!
Missing character: There is no y in font nullfont!
Missing character: There is no a in font nullfont!
Missing character: There is no n in font nullfont!
Missing character: There is no ! in font nullfont!
Missing character: There is no 6 in font nullfont!
Missing character: There is no 0 in font nullfont!
Missing character: There is no b in font nullfont!
Missing character: There is no l in font nullfont!
Missing character: There is no u in font nullfont!
Missing character: There is no e in font nullfont!
Missing character: There is no ! in font nullfont!
Missing character: There is no 6 in font nullfont!
Missing character: There is no 0 in font nullfont!
Missing character: There is no c in font nullfont!
Missing character: There is no y in font nullfont!
Missing character: There is no a in font nullfont!
Missing character: There is no n in font nullfont!
Missing character: There is no ! in font nullfont!
Missing character: There is no 6 in font nullfont!
Missing character: There is no 0 in font nullfont!
Missing character: There is no y in font nullfont!
Missing character: There is no e in font nullfont!
Missing character: There is no l in font nullfont!
Missing character: There is no l in font nullfont!
Missing character: There is no o in font nullfont!
Missing character: There is no w in font nullfont!
Missing character: There is no ! in font nullfont!
Missing character: There is no 6 in font nullfont!
Missing character: There is no 0 in font nullfont!
Missing character: There is no o in font nullfont!
Missing character: There is no r in font nullfont!
Missing character: There is no a in font nullfont!
Missing character: There is no n in font nullfont!
Missing character: There is no g in font nullfont!
Missing character: There is no e in font nullfont!
Missing character: There is no ! in font nullfont!
Missing character: There is no 6 in font nullfont!
Missing character: There is no 0 in font nullfont!
Missing character: There is no r in font nullfont!
Missing character: There is no e in font nullfont!
Missing character: There is no d in font nullfont!
Missing character: There is no ! in font nullfont!
Missing character: There is no 6 in font nullfont!
Missing character: There is no 0 in font nullfont!
Missing character: There is no b in font nullfont!
Missing character: There is no l in font nullfont!
Missing character: There is no u in font nullfont!
Missing character: There is no e in font nullfont!
Missing character: There is no ! in font nullfont!
Missing character: There is no 6 in font nullfont!
Missing character: There is no 0 in font nullfont!
Missing character: There is no ! in font nullfont!
Missing character: There is no c in font nullfont!
Missing character: There is no y in font nullfont!
Missing character: There is no a in font nullfont!
Missing character: There is no n in font nullfont!
Missing character: There is no ! in font nullfont!
Missing character: There is no 6 in font nullfont!
Missing character: There is no 0 in font nullfont!
 [27

]
Underfull \hbox (badness 10000) in paragraph at lines 279--280

 []

Missing character: There is no b in font nullfont!
Missing character: There is no l in font nullfont!
Missing character: There is no u in font nullfont!
Missing character: There is no e in font nullfont!
Missing character: There is no ! in font nullfont!
Missing character: There is no 6 in font nullfont!
Missing character: There is no 0 in font nullfont!
Missing character: There is no c in font nullfont!
Missing character: There is no y in font nullfont!
Missing character: There is no a in font nullfont!
Missing character: There is no n in font nullfont!
Missing character: There is no ! in font nullfont!
Missing character: There is no 6 in font nullfont!
Missing character: There is no 0 in font nullfont!
Missing character: There is no y in font nullfont!
Missing character: There is no e in font nullfont!
Missing character: There is no l in font nullfont!
Missing character: There is no l in font nullfont!
Missing character: There is no o in font nullfont!
Missing character: There is no w in font nullfont!
Missing character: There is no ! in font nullfont!
Missing character: There is no 6 in font nullfont!
Missing character: There is no 0 in font nullfont!
Missing character: There is no o in font nullfont!
Missing character: There is no r in font nullfont!
Missing character: There is no a in font nullfont!
Missing character: There is no n in font nullfont!
Missing character: There is no g in font nullfont!
Missing character: There is no e in font nullfont!
Missing character: There is no ! in font nullfont!
Missing character: There is no 6 in font nullfont!
Missing character: There is no 0 in font nullfont!
Missing character: There is no b in font nullfont!
Missing character: There is no l in font nullfont!
Missing character: There is no u in font nullfont!
Missing character: There is no e in font nullfont!
Missing character: There is no ! in font nullfont!
Missing character: There is no 6 in font nullfont!
Missing character: There is no 0 in font nullfont!
Missing character: There is no c in font nullfont!
Missing character: There is no y in font nullfont!
Missing character: There is no a in font nullfont!
Missing character: There is no n in font nullfont!
Missing character: There is no ! in font nullfont!
Missing character: There is no 6 in font nullfont!
Missing character: There is no 0 in font nullfont!
Missing character: There is no y in font nullfont!
Missing character: There is no e in font nullfont!
Missing character: There is no l in font nullfont!
Missing character: There is no l in font nullfont!
Missing character: There is no o in font nullfont!
Missing character: There is no w in font nullfont!
Missing character: There is no ! in font nullfont!
Missing character: There is no 6 in font nullfont!
Missing character: There is no 0 in font nullfont!
Missing character: There is no o in font nullfont!
Missing character: There is no r in font nullfont!
Missing character: There is no a in font nullfont!
Missing character: There is no n in font nullfont!
Missing character: There is no g in font nullfont!
Missing character: There is no e in font nullfont!
Missing character: There is no ! in font nullfont!
Missing character: There is no 6 in font nullfont!
Missing character: There is no 0 in font nullfont!
[28

]
Underfull \hbox (badness 4543) in paragraph at lines 333--334
\OT1/cmr/m/it/12 tocur-ren-cies, Dis-tributed Soft-ware, Ethereum,
 []


Underfull \hbox (badness 2237) in paragraph at lines 339--340
[]|\OT1/cmr/m/n/12 texitBlockchain, Bill of Lad-ing, In-ter-na-tional
 []


Underfull \hbox (badness 10000) in paragraph at lines 345--346
[]|\OT1/cmr/m/it/12 Blockchain, Rep-u-ta-tion man-age-ment, Self-
 []


Underfull \hbox (badness 4927) in paragraph at lines 345--346
\OT1/cmr/m/it/12 determined learn-ing, e-portfolios, Records of
 []

[29

]
Missing character: There is no ; in font nullfont!
 [30] [31

] [32

] [33]) [34

] (sections/sec_discussion.tex) [35

]
(sections/sec_conclusion.tex) [36

] (sections/appendix.tex (masters_thesis.nls)
[37

] (sections/sec_summary_reviews.tex
Underfull \hbox (badness 10000) in paragraph at lines 23--27

 []

[38

])) [39] (masters_thesis.bbl [40

] [41] [42]
Underfull \hbox (badness 10000) in paragraph at lines 265--270
\OT1/cmr/m/n/12 viewdoc / download ; jsessionid = C1C55F92FFC0899D3B8DD6743360D
2C7 ?
 []


Underfull \hbox (badness 1521) in paragraph at lines 272--278
[]\OT1/cmr/m/n/12 J. Ko-gon.  \OT1/cmr/m/it/12 Blockchain Tech-nol-ogy: An Anal
-y-sis of Po-ten-tial Ap-pli-ca-
 []


Underfull \hbox (badness 1325) in paragraph at lines 272--278
\OT1/cmr/m/it/12 tions and Uses\OT1/cmr/m/n/12 .  phdthe-sis, Pace Uni-ver-sity
 - Hon-ors Col-lege The-ses,
 []


Underfull \hbox (badness 2042) in paragraph at lines 272--278
\OT1/cmr/m/n/12 2017.  URL [][]$https : / / digitalcommons . pace . edu / cgi /
 viewcontent . cgi ? article =
 []


Underfull \hbox (badness 1466) in paragraph at lines 307--312
[]\OT1/cmr/m/n/12 C. Meinel, T. Gayvoron-skaya, and M. Schn-jakin.  Blockchain:
 Hype
 []


Underfull \hbox (badness 10000) in paragraph at lines 307--312
[][]$\OT1/cmr/m/n/12 https : / / publishup . uni-[]potsdam . de / opus4-[]ubp /
 frontdoor / deliver / index / docId /
 []

[43] [44]) [45] (sections/eidesstattliche_erklaerung.tex) [46

]
Package atveryend Info: Empty hook `BeforeClearDocument' on input line 84.
Package atveryend Info: Empty hook `AfterLastShipout' on input line 84.

(masters_thesis.aux)
Package atveryend Info: Executing hook `AtVeryEndDocument' on input line 84.
Package atveryend Info: Executing hook `AtEndAfterFileList' on input line 84.
Package rerunfilecheck Info: File `masters_thesis.out' has not changed.
(rerunfilecheck)             Checksum: 35243AF674319FCEB1B562E1C2B7070F;2852.


LaTeX Warning: There were multiply-defined labels.

 ) 
Here is how much of TeX's memory you used:
 35633 strings out of 492973
 856921 string characters out of 3122262
 1089946 words of memory out of 3000000
 38494 multiletter control sequences out of 15000+200000
 12796 words of font info for 49 fonts, out of 3000000 for 9000
 1141 hyphenation exceptions out of 8191
 69i,11n,98p,1434b,848s stack positions out of 5000i,500n,10000p,200000b,50000s
<C:/Users/ckrutzenbichler/AppData/Local/Programs/MiKTeX 2.9/fonts/type1/publi
c/amsfonts/cm/cmbx12.pfb><C:/Users/ckrutzenbichler/AppData/Local/Programs/MiKTe
X 2.9/fonts/type1/public/amsfonts/cm/cmcsc10.pfb><C:/Users/ckrutzenbichler/AppD
ata/Local/Programs/MiKTeX 2.9/fonts/type1/public/amsfonts/cm/cmr10.pfb><C:/User
s/ckrutzenbichler/AppData/Local/Programs/MiKTeX 2.9/fonts/type1/public/amsfonts
/cm/cmr12.pfb><C:/Users/ckrutzenbichler/AppData/Local/Programs/MiKTeX 2.9/fonts
/type1/public/amsfonts/cm/cmr7.pfb><C:/Users/ckrutzenbichler/AppData/Local/Prog
rams/MiKTeX 2.9/fonts/type1/public/amsfonts/cm/cmr8.pfb><C:/Users/ckrutzenbichl
er/AppData/Local/Programs/MiKTeX 2.9/fonts/type1/public/amsfonts/cm/cmsy10.pfb>
<C:/Users/ckrutzenbichler/AppData/Local/Programs/MiKTeX 2.9/fonts/type1/public/
amsfonts/cm/cmti12.pfb>
Output written on masters_thesis.pdf (53 pages, 1081800 bytes).
PDF statistics:
 1279 PDF objects out of 1440 (max. 8388607)
 299 named destinations out of 1000 (max. 500000)
 366 words of extra memory for PDF output out of 10000 (max. 10000000)

